<html>
<head>
<title>TestNG:  Mobile iPhone</title>
<link href="../testng.css" rel="stylesheet" type="text/css" />
<link href="../my-testng.css" rel="stylesheet" type="text/css" />

<style type="text/css">
.log { display: none;} 
.stack-trace { display: none;} 
</style>
<script type="text/javascript">
<!--
function flip(e) {
  current = e.style.display;
  if (current == 'block') {
    e.style.display = 'none';
    return 0;
  }
  else {
    e.style.display = 'block';
    return 1;
  }
}

function toggleBox(szDivId, elem, msg1, msg2)
{
  var res = -1;  if (document.getElementById) {
    res = flip(document.getElementById(szDivId));
  }
  else if (document.all) {
    // this is the way old msie versions work
    res = flip(document.all[szDivId]);
  }
  if(elem) {
    if(res == 0) elem.innerHTML = msg1; else elem.innerHTML = msg2;
  }

}

function toggleAllBoxes() {
  if (document.getElementsByTagName) {
    d = document.getElementsByTagName('div');
    for (i = 0; i < d.length; i++) {
      if (d[i].className == 'log') {
        flip(d[i]);
      }
    }
  }
}

// -->
</script>

</head>
<body>
<h2 align='center'>Mobile iPhone</h2><table border='1' align="center">
<tr>
<td>Tests passed/Failed/Skipped:</td><td>0/0/2</td>
</tr><tr>
<td>Started on:</td><td>Mon Nov 14 13:51:29 WIB 2022</td>
</tr>
<tr><td>Total time:</td><td>0 seconds (3 ms)</td>
</tr><tr>
<td>Included groups:</td><td></td>
</tr><tr>
<td>Excluded groups:</td><td></td>
</tr>
</table><p/>
<small><i>(Hover the method name to see the test class name)</i></small><p/>
<table width='100%' border='1' class='invocation-failed'>
<tr><td colspan='4' align='center'><b>FAILED CONFIGURATIONS</b></td></tr>
<tr><td><b>Test method</b></td>
<td width="30%"><b>Exception</b></td>
<td width="10%"><b>Time (seconds)</b></td>
<td><b>Instance</b></td>
</tr>
<tr>
<td title='Gokomodo.FE.Mobile.LoginManager.Buyer.tests.MobileLoginBuyer.beforeSuite()'><b>beforeSuite</b><br>Test class: Gokomodo.FE.Mobile.LoginManager.Buyer.tests.MobileLoginBuyer<br/>
<a href="#Output-564045905" onClick='toggleBox("Output-564045905", this, "Show output", "Hide output");'>Show output</a>

<a href="#Output-564045905" onClick="toggleAllBoxes();">Show all outputs</a>
<div class='log' id="Output-564045905">
Completed executing following method : MobileBuyerBaseMethod.beforeSuite<br/>
</div>
</td>
<td><div><pre>java.lang.IllegalStateException: The driver executable must exist: /usr/local/bin/node
	at org.openqa.selenium.internal.Require$FileStateChecker.isFile(Require.java:342)
	at org.openqa.selenium.remote.service.DriverService.checkExecutable(DriverService.java:147)
	at org.openqa.selenium.remote.service.DriverService$Builder.usingDriverExecutable(DriverService.java:350)
	at io.appium.java_client.service.local.AppiumServiceBuilder.usingDriverExecutable(AppiumServiceBuilder.java:415)
	at Gokomodo.FE.Mobile.Buyer.controllers.MobileBuyerBaseMethod.getAppiumService(MobileBuyerBaseMethod.java:149)
	at Gokomodo.FE.Mobile.Buyer.controllers.MobileBuyerBaseMethod.beforeSuite(MobileBuyerBaseMethod.java:63)
... Removed 22 stack frames</pre></div><a href='#' onClick='toggleBox("stack-trace564045905", this, "Click to show all stack frames", "Click to hide stack frames")'>Click to show all stack frames</a>
<div class='stack-trace' id='stack-trace564045905'><pre>java.lang.IllegalStateException: The driver executable must exist: /usr/local/bin/node
	at org.openqa.selenium.internal.Require$FileStateChecker.isFile(Require.java:342)
	at org.openqa.selenium.remote.service.DriverService.checkExecutable(DriverService.java:147)
	at org.openqa.selenium.remote.service.DriverService$Builder.usingDriverExecutable(DriverService.java:350)
	at io.appium.java_client.service.local.AppiumServiceBuilder.usingDriverExecutable(AppiumServiceBuilder.java:415)
	at Gokomodo.FE.Mobile.Buyer.controllers.MobileBuyerBaseMethod.getAppiumService(MobileBuyerBaseMethod.java:149)
	at Gokomodo.FE.Mobile.Buyer.controllers.MobileBuyerBaseMethod.beforeSuite(MobileBuyerBaseMethod.java:63)
	at java.base/jdk.internal.reflect.DirectMethodHandleAccessor.invoke(DirectMethodHandleAccessor.java:104)
	at java.base/java.lang.reflect.Method.invoke(Method.java:577)
	at org.testng.internal.MethodInvocationHelper.invokeMethod(MethodInvocationHelper.java:133)
	at org.testng.internal.MethodInvocationHelper.invokeMethodConsideringTimeout(MethodInvocationHelper.java:62)
	at org.testng.internal.ConfigInvoker.invokeConfigurationMethod(ConfigInvoker.java:385)
	at org.testng.internal.ConfigInvoker.invokeConfigurations(ConfigInvoker.java:321)
	at org.testng.SuiteRunner.privateRun(SuiteRunner.java:317)
	at org.testng.SuiteRunner.run(SuiteRunner.java:276)
	at org.testng.SuiteRunnerWorker.runSuite(SuiteRunnerWorker.java:53)
	at org.testng.SuiteRunnerWorker.run(SuiteRunnerWorker.java:96)
	at org.testng.TestNG.runSuitesSequentially(TestNG.java:1212)
	at org.testng.TestNG.runSuitesSequentially(TestNG.java:1207)
	at org.testng.TestNG.runSuitesLocally(TestNG.java:1134)
	at org.testng.TestNG.runSuites(TestNG.java:1063)
	at org.testng.TestNG.run(TestNG.java:1031)
	at org.apache.maven.surefire.testng.TestNGExecutor.run(TestNGExecutor.java:283)
	at org.apache.maven.surefire.testng.TestNGXmlTestSuite.execute(TestNGXmlTestSuite.java:75)
	at org.apache.maven.surefire.testng.TestNGProvider.invoke(TestNGProvider.java:120)
	at org.apache.maven.surefire.booter.ForkedBooter.invokeProviderInSameClassLoader(ForkedBooter.java:384)
	at org.apache.maven.surefire.booter.ForkedBooter.runSuitesInProcess(ForkedBooter.java:345)
	at org.apache.maven.surefire.booter.ForkedBooter.execute(ForkedBooter.java:126)
	at org.apache.maven.surefire.booter.ForkedBooter.main(ForkedBooter.java:418)
</pre></div></td>
<td>0</td>
<td>Gokomodo.FE.Mobile.LoginManager.Buyer.tests.MobileLoginBuyer@220f2885</td></tr>
</table><p>
<table width='100%' border='1' class='invocation-skipped'>
<tr><td colspan='4' align='center'><b>SKIPPED CONFIGURATIONS</b></td></tr>
<tr><td><b>Test method</b></td>
<td width="30%"><b>Exception</b></td>
<td width="10%"><b>Time (seconds)</b></td>
<td><b>Instance</b></td>
</tr>
<tr>
<td title='Gokomodo.FE.Mobile.LoginManager.Seller.tests.MobileLoginSeller.beforeClass()'><b>beforeClass</b><br>Test class: Gokomodo.FE.Mobile.LoginManager.Seller.tests.MobileLoginSeller</td>
<td></td>
<td>-1668408689</td>
<td>Gokomodo.FE.Mobile.LoginManager.Seller.tests.MobileLoginSeller@66d9a929</td></tr>
<tr>
<td title='Gokomodo.FE.Mobile.LoginManager.Buyer.tests.MobileLoginBuyer.beforeClass()'><b>beforeClass</b><br>Test class: Gokomodo.FE.Mobile.LoginManager.Buyer.tests.MobileLoginBuyer</td>
<td></td>
<td>-1668408689</td>
<td>Gokomodo.FE.Mobile.LoginManager.Buyer.tests.MobileLoginBuyer@220f2885</td></tr>
<tr>
<td title='Gokomodo.FE.Mobile.LoginManager.Seller.tests.MobileLoginSeller.beforeSuite()'><b>beforeSuite</b><br>Test class: Gokomodo.FE.Mobile.LoginManager.Seller.tests.MobileLoginSeller</td>
<td></td>
<td>-1668408689</td>
<td>Gokomodo.FE.Mobile.LoginManager.Seller.tests.MobileLoginSeller@66d9a929</td></tr>
<tr>
<td title='Gokomodo.FE.Mobile.LoginManager.Buyer.tests.MobileLoginBuyer.afterClass()'><b>afterClass</b><br>Test class: Gokomodo.FE.Mobile.LoginManager.Buyer.tests.MobileLoginBuyer</td>
<td></td>
<td>-1668408689</td>
<td>Gokomodo.FE.Mobile.LoginManager.Buyer.tests.MobileLoginBuyer@220f2885</td></tr>
<tr>
<td title='Gokomodo.FE.Mobile.LoginManager.Seller.tests.MobileLoginSeller.afterClass()'><b>afterClass</b><br>Test class: Gokomodo.FE.Mobile.LoginManager.Seller.tests.MobileLoginSeller</td>
<td></td>
<td>-1668408689</td>
<td>Gokomodo.FE.Mobile.LoginManager.Seller.tests.MobileLoginSeller@66d9a929</td></tr>
</table><p>
<table width='100%' border='1' class='invocation-skipped'>
<tr><td colspan='4' align='center'><b>SKIPPED TESTS</b></td></tr>
<tr><td><b>Test method</b></td>
<td width="30%"><b>Exception</b></td>
<td width="10%"><b>Time (seconds)</b></td>
<td><b>Instance</b></td>
</tr>
<tr>
<td title='Gokomodo.FE.Mobile.LoginManager.Seller.tests.MobileLoginSeller.mobileSellerLogin()'><b>mobileSellerLogin</b><br>Test class: Gokomodo.FE.Mobile.LoginManager.Seller.tests.MobileLoginSeller<br>Test method: Mobile seller login test<br/>
<a href="#Output-1168883051" onClick='toggleBox("Output-1168883051", this, "Show output", "Hide output");'>Show output</a>

<a href="#Output-1168883051" onClick="toggleAllBoxes();">Show all outputs</a>
<div class='log' id="Output-1168883051">
About to begin executing following method : MobileLoginSeller.mobileSellerLogin<br/>
Completed executing following method : MobileLoginSeller.mobileSellerLogin<br/>

SKIPPED TEST: Gokomodo.FE.Mobile.LoginManager.Seller.tests.MobileLoginSeller.mobileSellerLogin
<br/>
About to begin executing following method : MobileSellerBaseMethod.afterClass<br/>
Completed executing following method : MobileSellerBaseMethod.afterClass<br/>
</div>
</td>
<td><div><pre>java.lang.IllegalStateException: The driver executable must exist: /usr/local/bin/node
	at org.openqa.selenium.internal.Require$FileStateChecker.isFile(Require.java:342)
	at org.openqa.selenium.remote.service.DriverService.checkExecutable(DriverService.java:147)
	at org.openqa.selenium.remote.service.DriverService$Builder.usingDriverExecutable(DriverService.java:350)
	at io.appium.java_client.service.local.AppiumServiceBuilder.usingDriverExecutable(AppiumServiceBuilder.java:415)
	at Gokomodo.FE.Mobile.Buyer.controllers.MobileBuyerBaseMethod.getAppiumService(MobileBuyerBaseMethod.java:149)
	at Gokomodo.FE.Mobile.Buyer.controllers.MobileBuyerBaseMethod.beforeSuite(MobileBuyerBaseMethod.java:63)
... Removed 22 stack frames</pre></div><a href='#' onClick='toggleBox("stack-trace1168883051", this, "Click to show all stack frames", "Click to hide stack frames")'>Click to show all stack frames</a>
<div class='stack-trace' id='stack-trace1168883051'><pre>java.lang.IllegalStateException: The driver executable must exist: /usr/local/bin/node
	at org.openqa.selenium.internal.Require$FileStateChecker.isFile(Require.java:342)
	at org.openqa.selenium.remote.service.DriverService.checkExecutable(DriverService.java:147)
	at org.openqa.selenium.remote.service.DriverService$Builder.usingDriverExecutable(DriverService.java:350)
	at io.appium.java_client.service.local.AppiumServiceBuilder.usingDriverExecutable(AppiumServiceBuilder.java:415)
	at Gokomodo.FE.Mobile.Buyer.controllers.MobileBuyerBaseMethod.getAppiumService(MobileBuyerBaseMethod.java:149)
	at Gokomodo.FE.Mobile.Buyer.controllers.MobileBuyerBaseMethod.beforeSuite(MobileBuyerBaseMethod.java:63)
	at java.base/jdk.internal.reflect.DirectMethodHandleAccessor.invoke(DirectMethodHandleAccessor.java:104)
	at java.base/java.lang.reflect.Method.invoke(Method.java:577)
	at org.testng.internal.MethodInvocationHelper.invokeMethod(MethodInvocationHelper.java:133)
	at org.testng.internal.MethodInvocationHelper.invokeMethodConsideringTimeout(MethodInvocationHelper.java:62)
	at org.testng.internal.ConfigInvoker.invokeConfigurationMethod(ConfigInvoker.java:385)
	at org.testng.internal.ConfigInvoker.invokeConfigurations(ConfigInvoker.java:321)
	at org.testng.SuiteRunner.privateRun(SuiteRunner.java:317)
	at org.testng.SuiteRunner.run(SuiteRunner.java:276)
	at org.testng.SuiteRunnerWorker.runSuite(SuiteRunnerWorker.java:53)
	at org.testng.SuiteRunnerWorker.run(SuiteRunnerWorker.java:96)
	at org.testng.TestNG.runSuitesSequentially(TestNG.java:1212)
	at org.testng.TestNG.runSuitesSequentially(TestNG.java:1207)
	at org.testng.TestNG.runSuitesLocally(TestNG.java:1134)
	at org.testng.TestNG.runSuites(TestNG.java:1063)
	at org.testng.TestNG.run(TestNG.java:1031)
	at org.apache.maven.surefire.testng.TestNGExecutor.run(TestNGExecutor.java:283)
	at org.apache.maven.surefire.testng.TestNGXmlTestSuite.execute(TestNGXmlTestSuite.java:75)
	at org.apache.maven.surefire.testng.TestNGProvider.invoke(TestNGProvider.java:120)
	at org.apache.maven.surefire.booter.ForkedBooter.invokeProviderInSameClassLoader(ForkedBooter.java:384)
	at org.apache.maven.surefire.booter.ForkedBooter.runSuitesInProcess(ForkedBooter.java:345)
	at org.apache.maven.surefire.booter.ForkedBooter.execute(ForkedBooter.java:126)
	at org.apache.maven.surefire.booter.ForkedBooter.main(ForkedBooter.java:418)
</pre></div></td>
<td>0</td>
<td>Gokomodo.FE.Mobile.LoginManager.Seller.tests.MobileLoginSeller@66d9a929</td></tr>
<tr>
<td title='Gokomodo.FE.Mobile.LoginManager.Buyer.tests.MobileLoginBuyer.mobileBuyerLogin()'><b>mobileBuyerLogin</b><br>Test class: Gokomodo.FE.Mobile.LoginManager.Buyer.tests.MobileLoginBuyer<br>Test method: Mobile buyer login test<br/>
<a href="#Output-1489263141" onClick='toggleBox("Output-1489263141", this, "Show output", "Hide output");'>Show output</a>

<a href="#Output-1489263141" onClick="toggleAllBoxes();">Show all outputs</a>
<div class='log' id="Output-1489263141">
About to begin executing following method : MobileLoginBuyer.mobileBuyerLogin<br/>
Completed executing following method : MobileLoginBuyer.mobileBuyerLogin<br/>

SKIPPED TEST: Gokomodo.FE.Mobile.LoginManager.Buyer.tests.MobileLoginBuyer.mobileBuyerLogin
<br/>
About to begin executing following method : MobileBuyerBaseMethod.afterClass<br/>
Completed executing following method : MobileBuyerBaseMethod.afterClass<br/>
About to begin executing following method : MobileSellerBaseMethod.beforeClass<br/>
Completed executing following method : MobileSellerBaseMethod.beforeClass<br/>

STARTED TESTING: Gokomodo.FE.Mobile.LoginManager.Seller.tests.MobileLoginSeller.mobileSellerLogin
<br/>
</div>
</td>
<td><div><pre>java.lang.IllegalStateException: The driver executable must exist: /usr/local/bin/node
	at org.openqa.selenium.internal.Require$FileStateChecker.isFile(Require.java:342)
	at org.openqa.selenium.remote.service.DriverService.checkExecutable(DriverService.java:147)
	at org.openqa.selenium.remote.service.DriverService$Builder.usingDriverExecutable(DriverService.java:350)
	at io.appium.java_client.service.local.AppiumServiceBuilder.usingDriverExecutable(AppiumServiceBuilder.java:415)
	at Gokomodo.FE.Mobile.Buyer.controllers.MobileBuyerBaseMethod.getAppiumService(MobileBuyerBaseMethod.java:149)
	at Gokomodo.FE.Mobile.Buyer.controllers.MobileBuyerBaseMethod.beforeSuite(MobileBuyerBaseMethod.java:63)
... Removed 22 stack frames</pre></div><a href='#' onClick='toggleBox("stack-trace1489263141", this, "Click to show all stack frames", "Click to hide stack frames")'>Click to show all stack frames</a>
<div class='stack-trace' id='stack-trace1489263141'><pre>java.lang.IllegalStateException: The driver executable must exist: /usr/local/bin/node
	at org.openqa.selenium.internal.Require$FileStateChecker.isFile(Require.java:342)
	at org.openqa.selenium.remote.service.DriverService.checkExecutable(DriverService.java:147)
	at org.openqa.selenium.remote.service.DriverService$Builder.usingDriverExecutable(DriverService.java:350)
	at io.appium.java_client.service.local.AppiumServiceBuilder.usingDriverExecutable(AppiumServiceBuilder.java:415)
	at Gokomodo.FE.Mobile.Buyer.controllers.MobileBuyerBaseMethod.getAppiumService(MobileBuyerBaseMethod.java:149)
	at Gokomodo.FE.Mobile.Buyer.controllers.MobileBuyerBaseMethod.beforeSuite(MobileBuyerBaseMethod.java:63)
	at java.base/jdk.internal.reflect.DirectMethodHandleAccessor.invoke(DirectMethodHandleAccessor.java:104)
	at java.base/java.lang.reflect.Method.invoke(Method.java:577)
	at org.testng.internal.MethodInvocationHelper.invokeMethod(MethodInvocationHelper.java:133)
	at org.testng.internal.MethodInvocationHelper.invokeMethodConsideringTimeout(MethodInvocationHelper.java:62)
	at org.testng.internal.ConfigInvoker.invokeConfigurationMethod(ConfigInvoker.java:385)
	at org.testng.internal.ConfigInvoker.invokeConfigurations(ConfigInvoker.java:321)
	at org.testng.SuiteRunner.privateRun(SuiteRunner.java:317)
	at org.testng.SuiteRunner.run(SuiteRunner.java:276)
	at org.testng.SuiteRunnerWorker.runSuite(SuiteRunnerWorker.java:53)
	at org.testng.SuiteRunnerWorker.run(SuiteRunnerWorker.java:96)
	at org.testng.TestNG.runSuitesSequentially(TestNG.java:1212)
	at org.testng.TestNG.runSuitesSequentially(TestNG.java:1207)
	at org.testng.TestNG.runSuitesLocally(TestNG.java:1134)
	at org.testng.TestNG.runSuites(TestNG.java:1063)
	at org.testng.TestNG.run(TestNG.java:1031)
	at org.apache.maven.surefire.testng.TestNGExecutor.run(TestNGExecutor.java:283)
	at org.apache.maven.surefire.testng.TestNGXmlTestSuite.execute(TestNGXmlTestSuite.java:75)
	at org.apache.maven.surefire.testng.TestNGProvider.invoke(TestNGProvider.java:120)
	at org.apache.maven.surefire.booter.ForkedBooter.invokeProviderInSameClassLoader(ForkedBooter.java:384)
	at org.apache.maven.surefire.booter.ForkedBooter.runSuitesInProcess(ForkedBooter.java:345)
	at org.apache.maven.surefire.booter.ForkedBooter.execute(ForkedBooter.java:126)
	at org.apache.maven.surefire.booter.ForkedBooter.main(ForkedBooter.java:418)
</pre></div></td>
<td>0</td>
<td>Gokomodo.FE.Mobile.LoginManager.Buyer.tests.MobileLoginBuyer@220f2885</td></tr>
</table><p>
</body>
</html>