<?xml version="1.0" encoding="UTF-8"?>
<testng-results ignored="2" total="20" passed="8" failed="0" skipped="10">
  <reporter-output>
    <line>
      <![CDATA[Execution of the Suite 'End to End Web QA Gokomodo' Started!]]>
    </line>
    <line>
      <![CDATA[About to begin executing Test TestBuyerGokomodo]]>
    </line>
    <line>
      <![CDATA[About to begin executing following method : AdminWebDriverFactory.suiteSetup]]>
    </line>
    <line>
      <![CDATA[Completed executing following method : AdminWebDriverFactory.suiteSetup]]>
    </line>
    <line>
      <![CDATA[About to begin executing following method : BuyerWebDriverFactory.suiteSetup]]>
    </line>
    <line>
      <![CDATA[Completed executing following method : BuyerWebDriverFactory.suiteSetup]]>
    </line>
    <line>
      <![CDATA[About to begin executing following method : WebDriverFactory.suiteSetup]]>
    </line>
    <line>
      <![CDATA[Completed executing following method : WebDriverFactory.suiteSetup]]>
    </line>
    <line>
      <![CDATA[About to begin executing following method : WebDriverFactory.beforeMethod]]>
    </line>
    <line>
      <![CDATA[Completed executing following method : WebDriverFactory.beforeMethod]]>
    </line>
    <line>
      <![CDATA[
STARTED TESTING: Gokomodo.FE.Web.LoginManager.Seller.tests.LoginSeller.TestloginSeller
]]>
    </line>
    <line>
      <![CDATA[About to begin executing following method : LoginSeller.TestloginSeller]]>
    </line>
    <line>
      <![CDATA[Completed executing following method : LoginSeller.TestloginSeller]]>
    </line>
    <line>
      <![CDATA[
SUCCESSFULLY EXECUTED TEST: Gokomodo.FE.Web.LoginManager.Seller.tests.LoginSeller.TestloginSeller
]]>
    </line>
    <line>
      <![CDATA[
]]>
    </line>
    <line>
      <![CDATA[About to begin executing following method : WebDriverFactory.afterMethod]]>
    </line>
    <line>
      <![CDATA[Completed executing following method : WebDriverFactory.afterMethod]]>
    </line>
    <line>
      <![CDATA[About to begin executing following method : WebDriverFactory.beforeMethod]]>
    </line>
    <line>
      <![CDATA[Completed executing following method : WebDriverFactory.beforeMethod]]>
    </line>
    <line>
      <![CDATA[
STARTED TESTING: Gokomodo.FE.Web.LoginManager.Seller.tests.LoginSeller.TestloginSeller2
]]>
    </line>
    <line>
      <![CDATA[About to begin executing following method : LoginSeller.TestloginSeller2]]>
    </line>
    <line>
      <![CDATA[Completed executing following method : LoginSeller.TestloginSeller2]]>
    </line>
    <line>
      <![CDATA[
SUCCESSFULLY EXECUTED TEST: Gokomodo.FE.Web.LoginManager.Seller.tests.LoginSeller.TestloginSeller2
]]>
    </line>
    <line>
      <![CDATA[
]]>
    </line>
    <line>
      <![CDATA[About to begin executing following method : WebDriverFactory.afterMethod]]>
    </line>
    <line>
      <![CDATA[Completed executing following method : WebDriverFactory.afterMethod]]>
    </line>
    <line>
      <![CDATA[About to begin executing following method : BuyerWebDriverFactory.beforeMethod]]>
    </line>
    <line>
      <![CDATA[Completed executing following method : BuyerWebDriverFactory.beforeMethod]]>
    </line>
    <line>
      <![CDATA[
STARTED TESTING: Gokomodo.FE.Web.LoginManager.Buyer.tests.LoginBuyer.Testloginbuyer
]]>
    </line>
    <line>
      <![CDATA[About to begin executing following method : LoginBuyer.Testloginbuyer]]>
    </line>
    <line>
      <![CDATA[Completed executing following method : LoginBuyer.Testloginbuyer]]>
    </line>
    <line>
      <![CDATA[
SUCCESSFULLY EXECUTED TEST: Gokomodo.FE.Web.LoginManager.Buyer.tests.LoginBuyer.Testloginbuyer
]]>
    </line>
    <line>
      <![CDATA[
]]>
    </line>
    <line>
      <![CDATA[About to begin executing following method : BuyerWebDriverFactory.afterMethod]]>
    </line>
    <line>
      <![CDATA[Completed executing following method : BuyerWebDriverFactory.afterMethod]]>
    </line>
    <line>
      <![CDATA[About to begin executing following method : BuyerWebDriverFactory.beforeMethod]]>
    </line>
    <line>
      <![CDATA[Completed executing following method : BuyerWebDriverFactory.beforeMethod]]>
    </line>
    <line>
      <![CDATA[
STARTED TESTING: Gokomodo.FE.Web.LoginManager.Buyer.tests.LoginBuyer.Testloginbuyer1
]]>
    </line>
    <line>
      <![CDATA[About to begin executing following method : LoginBuyer.Testloginbuyer1]]>
    </line>
    <line>
      <![CDATA[Completed executing following method : LoginBuyer.Testloginbuyer1]]>
    </line>
    <line>
      <![CDATA[
SUCCESSFULLY EXECUTED TEST: Gokomodo.FE.Web.LoginManager.Buyer.tests.LoginBuyer.Testloginbuyer1
]]>
    </line>
    <line>
      <![CDATA[
]]>
    </line>
    <line>
      <![CDATA[About to begin executing following method : BuyerWebDriverFactory.afterMethod]]>
    </line>
    <line>
      <![CDATA[Completed executing following method : BuyerWebDriverFactory.afterMethod]]>
    </line>
    <line>
      <![CDATA[About to begin executing following method : BuyerWebDriverFactory.beforeMethod]]>
    </line>
    <line>
      <![CDATA[Completed executing following method : BuyerWebDriverFactory.beforeMethod]]>
    </line>
    <line>
      <![CDATA[
STARTED TESTING: Gokomodo.FE.Web.LoginManager.Buyer.tests.LoginBuyer.Testloginbuyer2
]]>
    </line>
    <line>
      <![CDATA[About to begin executing following method : LoginBuyer.Testloginbuyer2]]>
    </line>
    <line>
      <![CDATA[Completed executing following method : LoginBuyer.Testloginbuyer2]]>
    </line>
    <line>
      <![CDATA[
SUCCESSFULLY EXECUTED TEST: Gokomodo.FE.Web.LoginManager.Buyer.tests.LoginBuyer.Testloginbuyer2
]]>
    </line>
    <line>
      <![CDATA[
]]>
    </line>
    <line>
      <![CDATA[About to begin executing following method : BuyerWebDriverFactory.afterMethod]]>
    </line>
    <line>
      <![CDATA[Completed executing following method : BuyerWebDriverFactory.afterMethod]]>
    </line>
    <line>
      <![CDATA[About to begin executing following method : BuyerWebDriverFactory.beforeMethod]]>
    </line>
    <line>
      <![CDATA[Completed executing following method : BuyerWebDriverFactory.beforeMethod]]>
    </line>
    <line>
      <![CDATA[
STARTED TESTING: Gokomodo.FE.Web.Buyer.tests.ForgotPassword.TestForgetPassbuyer
]]>
    </line>
    <line>
      <![CDATA[About to begin executing following method : ForgotPassword.TestForgetPassbuyer]]>
    </line>
    <line>
      <![CDATA[Completed executing following method : ForgotPassword.TestForgetPassbuyer]]>
    </line>
    <line>
      <![CDATA[
SUCCESSFULLY EXECUTED TEST: Gokomodo.FE.Web.Buyer.tests.ForgotPassword.TestForgetPassbuyer
]]>
    </line>
    <line>
      <![CDATA[
]]>
    </line>
    <line>
      <![CDATA[About to begin executing following method : BuyerWebDriverFactory.afterMethod]]>
    </line>
    <line>
      <![CDATA[Completed executing following method : BuyerWebDriverFactory.afterMethod]]>
    </line>
    <line>
      <![CDATA[About to begin executing following method : AdminWebDriverFactory.beforeMethod]]>
    </line>
    <line>
      <![CDATA[Completed executing following method : AdminWebDriverFactory.beforeMethod]]>
    </line>
    <line>
      <![CDATA[
STARTED TESTING: Gokomodo.FE.Web.LoginManager.Admin.tests.LoginAdmin.TestloginAdmin
]]>
    </line>
    <line>
      <![CDATA[About to begin executing following method : LoginAdmin.TestloginAdmin]]>
    </line>
    <line>
      <![CDATA[Completed executing following method : LoginAdmin.TestloginAdmin]]>
    </line>
    <line>
      <![CDATA[
SUCCESSFULLY EXECUTED TEST: Gokomodo.FE.Web.LoginManager.Admin.tests.LoginAdmin.TestloginAdmin
]]>
    </line>
    <line>
      <![CDATA[
]]>
    </line>
    <line>
      <![CDATA[About to begin executing following method : AdminWebDriverFactory.afterMethod]]>
    </line>
    <line>
      <![CDATA[Completed executing following method : AdminWebDriverFactory.afterMethod]]>
    </line>
    <line>
      <![CDATA[About to begin executing following method : AdminWebDriverFactory.beforeMethod]]>
    </line>
    <line>
      <![CDATA[Completed executing following method : AdminWebDriverFactory.beforeMethod]]>
    </line>
    <line>
      <![CDATA[
STARTED TESTING: Gokomodo.FE.Web.LoginManager.Admin.tests.LoginAdmin.TestloginAdmin2
]]>
    </line>
    <line>
      <![CDATA[About to begin executing following method : LoginAdmin.TestloginAdmin2]]>
    </line>
    <line>
      <![CDATA[Completed executing following method : LoginAdmin.TestloginAdmin2]]>
    </line>
    <line>
      <![CDATA[
SUCCESSFULLY EXECUTED TEST: Gokomodo.FE.Web.LoginManager.Admin.tests.LoginAdmin.TestloginAdmin2
]]>
    </line>
    <line>
      <![CDATA[
]]>
    </line>
    <line>
      <![CDATA[About to begin executing following method : AdminWebDriverFactory.afterMethod]]>
    </line>
    <line>
      <![CDATA[Completed executing following method : AdminWebDriverFactory.afterMethod]]>
    </line>
    <line>
      <![CDATA[About to begin executing following method : AdminBaseMethod.beforeSuite]]>
    </line>
    <line>
      <![CDATA[Completed executing following method : AdminBaseMethod.beforeSuite]]>
    </line>
    <line>
      <![CDATA[About to begin executing following method : BaseMethod.beforeSuite]]>
    </line>
    <line>
      <![CDATA[Completed executing following method : BaseMethod.beforeSuite]]>
    </line>
    <line>
      <![CDATA[About to begin executing following method : BuyerBaseMethod.beforeSuite]]>
    </line>
    <line>
      <![CDATA[Completed executing following method : BuyerBaseMethod.beforeSuite]]>
    </line>
    <line>
      <![CDATA[Execution of the Suite 'End to End Web QA Gokomodo' Started!]]>
    </line>
    <line>
      <![CDATA[About to begin executing Test TestBuyerGokomodo]]>
    </line>
    <line>
      <![CDATA[About to begin executing following method : AdminWebDriverFactory.suiteSetup]]>
    </line>
    <line>
      <![CDATA[Execution of the Suite 'End to End Web QA Gokomodo' Completed!]]>
    </line>
    <line>
      <![CDATA[Execution of the Suite 'End to End Mobile Web QA Gokomodo' Started!]]>
    </line>
    <line>
      <![CDATA[About to begin executing following method : MobileWebAdminBaseMethod.beforeSuite]]>
    </line>
    <line>
      <![CDATA[Completed executing following method : MobileWebAdminBaseMethod.beforeSuite]]>
    </line>
    <line>
      <![CDATA[About to begin executing following method : MobileWebBuyerBaseMethod.beforeSuite]]>
    </line>
    <line>
      <![CDATA[Completed executing following method : MobileWebBuyerBaseMethod.beforeSuite]]>
    </line>
    <line>
      <![CDATA[About to begin executing following method : MobileWebSellerBaseMethod.beforeSuite]]>
    </line>
    <line>
      <![CDATA[Completed executing following method : MobileWebSellerBaseMethod.beforeSuite]]>
    </line>
    <line>
      <![CDATA[About to begin executing Test Mobile Android]]>
    </line>
    <line>
      <![CDATA[About to begin executing following method : MobileWebAdminBaseMethod.beforeClass]]>
    </line>
    <line>
      <![CDATA[Completed executing following method : MobileWebAdminBaseMethod.beforeClass]]>
    </line>
    <line>
      <![CDATA[
STARTED TESTING: Gokomodo.FE.MobileWeb.LoginManager.Admin.tests.MobileWebLoginAdmin.mobileWebAdminLogin
]]>
    </line>
    <line>
      <![CDATA[About to begin executing following method : MobileWebLoginAdmin.mobileWebAdminLogin]]>
    </line>
    <line>
      <![CDATA[Completed executing following method : MobileWebLoginAdmin.mobileWebAdminLogin]]>
    </line>
    <line>
      <![CDATA[
SKIPPED TEST: Gokomodo.FE.MobileWeb.LoginManager.Admin.tests.MobileWebLoginAdmin.mobileWebAdminLogin
]]>
    </line>
    <line>
      <![CDATA[About to begin executing following method : MobileWebAdminBaseMethod.afterClass]]>
    </line>
    <line>
      <![CDATA[Completed executing following method : MobileWebAdminBaseMethod.afterClass]]>
    </line>
    <line>
      <![CDATA[About to begin executing following method : MobileWebBuyerBaseMethod.beforeClass]]>
    </line>
    <line>
      <![CDATA[Completed executing following method : MobileWebBuyerBaseMethod.beforeClass]]>
    </line>
    <line>
      <![CDATA[
STARTED TESTING: Gokomodo.FE.MobileWeb.LoginManager.Buyer.tests.MobileWebLoginBuyer.validUserName
]]>
    </line>
    <line>
      <![CDATA[About to begin executing following method : MobileWebLoginBuyer.validUserName]]>
    </line>
    <line>
      <![CDATA[Completed executing following method : MobileWebLoginBuyer.validUserName]]>
    </line>
    <line>
      <![CDATA[
SKIPPED TEST: Gokomodo.FE.MobileWeb.LoginManager.Buyer.tests.MobileWebLoginBuyer.validUserName
]]>
    </line>
    <line>
      <![CDATA[About to begin executing following method : MobileWebBuyerBaseMethod.afterClass]]>
    </line>
    <line>
      <![CDATA[Completed executing following method : MobileWebBuyerBaseMethod.afterClass]]>
    </line>
    <line>
      <![CDATA[About to begin executing following method : MobileWebSellerBaseMethod.beforeClass]]>
    </line>
    <line>
      <![CDATA[Completed executing following method : MobileWebSellerBaseMethod.beforeClass]]>
    </line>
    <line>
      <![CDATA[
STARTED TESTING: Gokomodo.FE.MobileWeb.LoginManager.Seller.tests.MobileWebLoginSeller.validUserName
]]>
    </line>
    <line>
      <![CDATA[About to begin executing following method : MobileWebLoginSeller.validUserName]]>
    </line>
    <line>
      <![CDATA[Completed executing following method : MobileWebLoginSeller.validUserName]]>
    </line>
    <line>
      <![CDATA[
SKIPPED TEST: Gokomodo.FE.MobileWeb.LoginManager.Seller.tests.MobileWebLoginSeller.validUserName
]]>
    </line>
    <line>
      <![CDATA[About to begin executing following method : MobileWebSellerBaseMethod.afterClass]]>
    </line>
    <line>
      <![CDATA[Completed executing following method : MobileWebSellerBaseMethod.afterClass]]>
    </line>
    <line>
      <![CDATA[Completed executing test Mobile Android]]>
    </line>
    <line>
      <![CDATA[About to begin executing Test Mobile iPhone]]>
    </line>
    <line>
      <![CDATA[About to begin executing following method : MobileWebAdminBaseMethod.beforeClass]]>
    </line>
    <line>
      <![CDATA[Completed executing following method : MobileWebAdminBaseMethod.beforeClass]]>
    </line>
    <line>
      <![CDATA[
STARTED TESTING: Gokomodo.FE.MobileWeb.LoginManager.Admin.tests.MobileWebLoginAdmin.mobileWebAdminLogin
]]>
    </line>
    <line>
      <![CDATA[About to begin executing following method : MobileWebLoginAdmin.mobileWebAdminLogin]]>
    </line>
    <line>
      <![CDATA[Completed executing following method : MobileWebLoginAdmin.mobileWebAdminLogin]]>
    </line>
    <line>
      <![CDATA[
SKIPPED TEST: Gokomodo.FE.MobileWeb.LoginManager.Admin.tests.MobileWebLoginAdmin.mobileWebAdminLogin
]]>
    </line>
    <line>
      <![CDATA[About to begin executing following method : MobileWebAdminBaseMethod.afterClass]]>
    </line>
    <line>
      <![CDATA[Completed executing following method : MobileWebAdminBaseMethod.afterClass]]>
    </line>
    <line>
      <![CDATA[About to begin executing following method : MobileWebBuyerBaseMethod.beforeClass]]>
    </line>
    <line>
      <![CDATA[Completed executing following method : MobileWebBuyerBaseMethod.beforeClass]]>
    </line>
    <line>
      <![CDATA[
STARTED TESTING: Gokomodo.FE.MobileWeb.LoginManager.Buyer.tests.MobileWebLoginBuyer.validUserName
]]>
    </line>
    <line>
      <![CDATA[About to begin executing following method : MobileWebLoginBuyer.validUserName]]>
    </line>
    <line>
      <![CDATA[Completed executing following method : MobileWebLoginBuyer.validUserName]]>
    </line>
    <line>
      <![CDATA[
SKIPPED TEST: Gokomodo.FE.MobileWeb.LoginManager.Buyer.tests.MobileWebLoginBuyer.validUserName
]]>
    </line>
    <line>
      <![CDATA[About to begin executing following method : MobileWebBuyerBaseMethod.afterClass]]>
    </line>
    <line>
      <![CDATA[Completed executing following method : MobileWebBuyerBaseMethod.afterClass]]>
    </line>
    <line>
      <![CDATA[About to begin executing following method : MobileWebSellerBaseMethod.beforeClass]]>
    </line>
    <line>
      <![CDATA[Completed executing following method : MobileWebSellerBaseMethod.beforeClass]]>
    </line>
    <line>
      <![CDATA[
STARTED TESTING: Gokomodo.FE.MobileWeb.LoginManager.Seller.tests.MobileWebLoginSeller.validUserName
]]>
    </line>
    <line>
      <![CDATA[About to begin executing following method : MobileWebLoginSeller.validUserName]]>
    </line>
    <line>
      <![CDATA[Completed executing following method : MobileWebLoginSeller.validUserName]]>
    </line>
    <line>
      <![CDATA[
SKIPPED TEST: Gokomodo.FE.MobileWeb.LoginManager.Seller.tests.MobileWebLoginSeller.validUserName
]]>
    </line>
    <line>
      <![CDATA[About to begin executing following method : MobileWebSellerBaseMethod.afterClass]]>
    </line>
    <line>
      <![CDATA[Completed executing following method : MobileWebSellerBaseMethod.afterClass]]>
    </line>
    <line>
      <![CDATA[Completed executing test Mobile iPhone]]>
    </line>
    <line>
      <![CDATA[About to begin executing following method : MobileWebBuyerBaseMethod.beforeSuite]]>
    </line>
    <line>
      <![CDATA[Completed executing following method : MobileWebBuyerBaseMethod.beforeSuite]]>
    </line>
    <line>
      <![CDATA[About to begin executing following method : MobileWebSellerBaseMethod.beforeSuite]]>
    </line>
    <line>
      <![CDATA[Completed executing following method : MobileWebSellerBaseMethod.beforeSuite]]>
    </line>
    <line>
      <![CDATA[About to begin executing Test Mobile Android]]>
    </line>
    <line>
      <![CDATA[About to begin executing following method : MobileWebAdminBaseMethod.beforeClass]]>
    </line>
    <line>
      <![CDATA[Completed executing following method : MobileWebAdminBaseMethod.beforeClass]]>
    </line>
    <line>
      <![CDATA[
STARTED TESTING: Gokomodo.FE.MobileWeb.LoginManager.Admin.tests.MobileWebLoginAdmin.mobileWebAdminLogin
]]>
    </line>
    <line>
      <![CDATA[About to begin executing following method : MobileWebAdminBaseMethod.afterSuite]]>
    </line>
    <line>
      <![CDATA[Completed executing following method : MobileWebAdminBaseMethod.afterSuite]]>
    </line>
    <line>
      <![CDATA[About to begin executing following method : MobileWebBuyerBaseMethod.afterSuite]]>
    </line>
    <line>
      <![CDATA[Completed executing following method : MobileWebBuyerBaseMethod.afterSuite]]>
    </line>
    <line>
      <![CDATA[About to begin executing following method : MobileWebSellerBaseMethod.afterSuite]]>
    </line>
    <line>
      <![CDATA[Completed executing following method : MobileWebSellerBaseMethod.afterSuite]]>
    </line>
    <line>
      <![CDATA[Execution of the Suite 'End to End Mobile Web QA Gokomodo' Completed!]]>
    </line>
    <line>
      <![CDATA[Execution of the Suite 'End to End Mobile QA Gokomodo' Started!]]>
    </line>
    <line>
      <![CDATA[About to begin executing following method : MobileBuyerBaseMethod.beforeSuite]]>
    </line>
    <line>
      <![CDATA[Completed executing following method : MobileBuyerBaseMethod.beforeSuite]]>
    </line>
    <line>
      <![CDATA[About to begin executing following method : MobileSellerBaseMethod.beforeSuite]]>
    </line>
    <line>
      <![CDATA[Completed executing following method : MobileSellerBaseMethod.beforeSuite]]>
    </line>
    <line>
      <![CDATA[About to begin executing Test Mobile Android]]>
    </line>
    <line>
      <![CDATA[About to begin executing following method : MobileBuyerBaseMethod.beforeClass]]>
    </line>
    <line>
      <![CDATA[Completed executing following method : MobileBuyerBaseMethod.beforeClass]]>
    </line>
    <line>
      <![CDATA[
STARTED TESTING: Gokomodo.FE.Mobile.LoginManager.Buyer.tests.MobileLoginBuyer.mobileBuyerLogin
]]>
    </line>
    <line>
      <![CDATA[About to begin executing following method : MobileLoginBuyer.mobileBuyerLogin]]>
    </line>
    <line>
      <![CDATA[Completed executing following method : MobileLoginBuyer.mobileBuyerLogin]]>
    </line>
    <line>
      <![CDATA[
SKIPPED TEST: Gokomodo.FE.Mobile.LoginManager.Buyer.tests.MobileLoginBuyer.mobileBuyerLogin
]]>
    </line>
    <line>
      <![CDATA[About to begin executing following method : MobileBuyerBaseMethod.afterClass]]>
    </line>
    <line>
      <![CDATA[Completed executing following method : MobileBuyerBaseMethod.afterClass]]>
    </line>
    <line>
      <![CDATA[About to begin executing following method : MobileSellerBaseMethod.beforeClass]]>
    </line>
    <line>
      <![CDATA[Completed executing following method : MobileSellerBaseMethod.beforeClass]]>
    </line>
    <line>
      <![CDATA[
STARTED TESTING: Gokomodo.FE.Mobile.LoginManager.Seller.tests.MobileLoginSeller.mobileSellerLogin
]]>
    </line>
    <line>
      <![CDATA[About to begin executing following method : MobileLoginSeller.mobileSellerLogin]]>
    </line>
    <line>
      <![CDATA[Completed executing following method : MobileLoginSeller.mobileSellerLogin]]>
    </line>
    <line>
      <![CDATA[
SKIPPED TEST: Gokomodo.FE.Mobile.LoginManager.Seller.tests.MobileLoginSeller.mobileSellerLogin
]]>
    </line>
    <line>
      <![CDATA[About to begin executing following method : MobileSellerBaseMethod.afterClass]]>
    </line>
    <line>
      <![CDATA[Completed executing following method : MobileSellerBaseMethod.afterClass]]>
    </line>
    <line>
      <![CDATA[Completed executing test Mobile Android]]>
    </line>
    <line>
      <![CDATA[About to begin executing Test Mobile iPhone]]>
    </line>
    <line>
      <![CDATA[About to begin executing following method : MobileBuyerBaseMethod.beforeClass]]>
    </line>
    <line>
      <![CDATA[Completed executing following method : MobileBuyerBaseMethod.beforeClass]]>
    </line>
    <line>
      <![CDATA[
STARTED TESTING: Gokomodo.FE.Mobile.LoginManager.Buyer.tests.MobileLoginBuyer.mobileBuyerLogin
]]>
    </line>
    <line>
      <![CDATA[About to begin executing following method : MobileLoginBuyer.mobileBuyerLogin]]>
    </line>
    <line>
      <![CDATA[Completed executing following method : MobileLoginBuyer.mobileBuyerLogin]]>
    </line>
    <line>
      <![CDATA[
SKIPPED TEST: Gokomodo.FE.Mobile.LoginManager.Buyer.tests.MobileLoginBuyer.mobileBuyerLogin
]]>
    </line>
    <line>
      <![CDATA[About to begin executing following method : MobileBuyerBaseMethod.afterClass]]>
    </line>
    <line>
      <![CDATA[Completed executing following method : MobileBuyerBaseMethod.afterClass]]>
    </line>
    <line>
      <![CDATA[About to begin executing following method : MobileSellerBaseMethod.beforeClass]]>
    </line>
    <line>
      <![CDATA[Completed executing following method : MobileSellerBaseMethod.beforeClass]]>
    </line>
    <line>
      <![CDATA[
STARTED TESTING: Gokomodo.FE.Mobile.LoginManager.Seller.tests.MobileLoginSeller.mobileSellerLogin
]]>
    </line>
    <line>
      <![CDATA[About to begin executing following method : MobileLoginSeller.mobileSellerLogin]]>
    </line>
    <line>
      <![CDATA[Completed executing following method : MobileLoginSeller.mobileSellerLogin]]>
    </line>
    <line>
      <![CDATA[
SKIPPED TEST: Gokomodo.FE.Mobile.LoginManager.Seller.tests.MobileLoginSeller.mobileSellerLogin
]]>
    </line>
    <line>
      <![CDATA[About to begin executing following method : MobileSellerBaseMethod.afterClass]]>
    </line>
    <line>
      <![CDATA[Completed executing following method : MobileSellerBaseMethod.afterClass]]>
    </line>
    <line>
      <![CDATA[Completed executing test Mobile iPhone]]>
    </line>
    <line>
      <![CDATA[About to begin executing following method : MobileSellerBaseMethod.beforeSuite]]>
    </line>
    <line>
      <![CDATA[Completed executing following method : MobileSellerBaseMethod.beforeSuite]]>
    </line>
    <line>
      <![CDATA[About to begin executing Test Mobile Android]]>
    </line>
    <line>
      <![CDATA[About to begin executing following method : MobileBuyerBaseMethod.beforeClass]]>
    </line>
    <line>
      <![CDATA[Completed executing following method : MobileBuyerBaseMethod.beforeClass]]>
    </line>
    <line>
      <![CDATA[
STARTED TESTING: Gokomodo.FE.Mobile.LoginManager.Buyer.tests.MobileLoginBuyer.mobileBuyerLogin
]]>
    </line>
    <line>
      <![CDATA[About to begin executing following method : MobileBuyerBaseMethod.afterSuite]]>
    </line>
    <line>
      <![CDATA[Completed executing following method : MobileBuyerBaseMethod.afterSuite]]>
    </line>
    <line>
      <![CDATA[About to begin executing following method : MobileSellerBaseMethod.afterSuite]]>
    </line>
    <line>
      <![CDATA[Completed executing following method : MobileSellerBaseMethod.afterSuite]]>
    </line>
    <line>
      <![CDATA[Execution of the Suite 'End to End Mobile QA Gokomodo' Completed!]]>
    </line>
    <line>
      <![CDATA[Execution of the Suite 'End to End REST API QA Gokomodo' Started!]]>
    </line>
    <line>
      <![CDATA[About to begin executing Test Test Rest API Gokomodo]]>
    </line>
    <line>
      <![CDATA[About to begin executing following method : PartnerTest.beforeMethod]]>
    </line>
    <line>
      <![CDATA[Completed executing following method : PartnerTest.beforeMethod]]>
    </line>
    <line>
      <![CDATA[
STARTED TESTING: Gokomodo.BE.Rest.tests.PartnerTest.loginUser
]]>
    </line>
    <line>
      <![CDATA[About to begin executing following method : PartnerTest.loginUser]]>
    </line>
    <line>
      <![CDATA[Completed executing following method : PartnerTest.loginUser]]>
    </line>
    <line>
      <![CDATA[
FAILED TEST: Gokomodo.BE.Rest.tests.PartnerTest.loginUser
]]>
    </line>
    <line>
      <![CDATA[
FAILED TEST: Gokomodo.BE.Rest.tests.PartnerTest.loginUser
]]>
    </line>
    <line>
      <![CDATA[Completed executing test Test Rest API Gokomodo]]>
    </line>
  </reporter-output>
  <suite started-at="2022-11-14T13:51:29 WIB" name="End to End QA Gokomodo" finished-at="2022-11-14T13:51:29 WIB" duration-ms="0">
    <groups>
    </groups>
  </suite> <!-- End to End QA Gokomodo -->
  <suite started-at="2022-11-14T13:51:29 WIB" name="End to End REST API QA Gokomodo" finished-at="2022-11-14T13:51:29 WIB" duration-ms="0">
    <groups>
    </groups>
  </suite> <!-- End to End REST API QA Gokomodo -->
  <suite started-at="2022-11-14T13:51:29 WIB" name="End to End Mobile QA Gokomodo" finished-at="2022-11-14T13:51:29 WIB" duration-ms="8">
    <groups>
    </groups>
    <test started-at="2022-11-14T13:51:29 WIB" name="Mobile Android" finished-at="2022-11-14T13:51:29 WIB" duration-ms="3">
      <class name="Gokomodo.FE.Mobile.LoginManager.Buyer.tests.MobileLoginBuyer">
        <test-method signature="mobileBuyerLogin()[pri:0, instance:Gokomodo.FE.Mobile.LoginManager.Buyer.tests.MobileLoginBuyer@37389825]" started-at="2022-11-14T13:51:29 WIB" name="mobileBuyerLogin" description="Mobile buyer login test" finished-at="2022-11-14T13:51:29 WIB" duration-ms="0" status="SKIP">
          <reporter-output>
            <line>
              <![CDATA[About to begin executing following method : MobileLoginBuyer.mobileBuyerLogin]]>
            </line>
            <line>
              <![CDATA[Completed executing following method : MobileLoginBuyer.mobileBuyerLogin]]>
            </line>
            <line>
              <![CDATA[
SKIPPED TEST: Gokomodo.FE.Mobile.LoginManager.Buyer.tests.MobileLoginBuyer.mobileBuyerLogin
]]>
            </line>
            <line>
              <![CDATA[About to begin executing following method : MobileBuyerBaseMethod.afterClass]]>
            </line>
            <line>
              <![CDATA[Completed executing following method : MobileBuyerBaseMethod.afterClass]]>
            </line>
            <line>
              <![CDATA[About to begin executing following method : MobileSellerBaseMethod.beforeClass]]>
            </line>
            <line>
              <![CDATA[Completed executing following method : MobileSellerBaseMethod.beforeClass]]>
            </line>
            <line>
              <![CDATA[
STARTED TESTING: Gokomodo.FE.Mobile.LoginManager.Seller.tests.MobileLoginSeller.mobileSellerLogin
]]>
            </line>
          </reporter-output>
        </test-method> <!-- mobileBuyerLogin -->
        <test-method is-config="true" signature="beforeClass(java.lang.String,java.lang.String,java.lang.String)[pri:0, instance:Gokomodo.FE.Mobile.LoginManager.Buyer.tests.MobileLoginBuyer@37389825]" started-at="2022-11-14T13:51:29 WIB" name="beforeClass" finished-at="1970-01-01T07:00:00 WIB" duration-ms="-1668408689100" status="SKIP">
          <reporter-output>
          </reporter-output>
        </test-method> <!-- beforeClass -->
        <test-method is-config="true" signature="afterClass()[pri:0, instance:Gokomodo.FE.Mobile.LoginManager.Buyer.tests.MobileLoginBuyer@37389825]" started-at="2022-11-14T13:51:29 WIB" name="afterClass" finished-at="1970-01-01T07:00:00 WIB" duration-ms="-1668408689101" status="SKIP">
          <reporter-output>
          </reporter-output>
        </test-method> <!-- afterClass -->
      </class> <!-- Gokomodo.FE.Mobile.LoginManager.Buyer.tests.MobileLoginBuyer -->
      <class name="Gokomodo.FE.Mobile.LoginManager.Seller.tests.MobileLoginSeller">
        <test-method signature="mobileSellerLogin()[pri:0, instance:Gokomodo.FE.Mobile.LoginManager.Seller.tests.MobileLoginSeller@4d45b947]" started-at="2022-11-14T13:51:29 WIB" name="mobileSellerLogin" description="Mobile seller login test" finished-at="2022-11-14T13:51:29 WIB" duration-ms="0" status="SKIP">
          <reporter-output>
            <line>
              <![CDATA[About to begin executing following method : MobileLoginSeller.mobileSellerLogin]]>
            </line>
            <line>
              <![CDATA[Completed executing following method : MobileLoginSeller.mobileSellerLogin]]>
            </line>
            <line>
              <![CDATA[
SKIPPED TEST: Gokomodo.FE.Mobile.LoginManager.Seller.tests.MobileLoginSeller.mobileSellerLogin
]]>
            </line>
            <line>
              <![CDATA[About to begin executing following method : MobileSellerBaseMethod.afterClass]]>
            </line>
            <line>
              <![CDATA[Completed executing following method : MobileSellerBaseMethod.afterClass]]>
            </line>
            <line>
              <![CDATA[Completed executing test Mobile Android]]>
            </line>
            <line>
              <![CDATA[About to begin executing Test Mobile iPhone]]>
            </line>
            <line>
              <![CDATA[About to begin executing following method : MobileBuyerBaseMethod.beforeClass]]>
            </line>
            <line>
              <![CDATA[Completed executing following method : MobileBuyerBaseMethod.beforeClass]]>
            </line>
            <line>
              <![CDATA[
STARTED TESTING: Gokomodo.FE.Mobile.LoginManager.Buyer.tests.MobileLoginBuyer.mobileBuyerLogin
]]>
            </line>
          </reporter-output>
        </test-method> <!-- mobileSellerLogin -->
        <test-method is-config="true" signature="beforeClass(java.lang.String,java.lang.String,java.lang.String)[pri:0, instance:Gokomodo.FE.Mobile.LoginManager.Seller.tests.MobileLoginSeller@4d45b947]" started-at="2022-11-14T13:51:29 WIB" name="beforeClass" finished-at="1970-01-01T07:00:00 WIB" duration-ms="-1668408689101" status="SKIP">
          <reporter-output>
          </reporter-output>
        </test-method> <!-- beforeClass -->
        <test-method is-config="true" signature="afterClass()[pri:0, instance:Gokomodo.FE.Mobile.LoginManager.Seller.tests.MobileLoginSeller@4d45b947]" started-at="2022-11-14T13:51:29 WIB" name="afterClass" finished-at="1970-01-01T07:00:00 WIB" duration-ms="-1668408689102" status="SKIP">
          <reporter-output>
          </reporter-output>
        </test-method> <!-- afterClass -->
      </class> <!-- Gokomodo.FE.Mobile.LoginManager.Seller.tests.MobileLoginSeller -->
    </test> <!-- Mobile Android -->
    <test started-at="2022-11-14T13:51:29 WIB" name="Mobile iPhone" finished-at="2022-11-14T13:51:29 WIB" duration-ms="3">
      <class name="Gokomodo.FE.Mobile.LoginManager.Buyer.tests.MobileLoginBuyer">
        <test-method is-config="true" signature="beforeSuite()[pri:0, instance:Gokomodo.FE.Mobile.LoginManager.Buyer.tests.MobileLoginBuyer@220f2885]" started-at="2022-11-14T13:51:29 WIB" name="beforeSuite" finished-at="2022-11-14T13:51:29 WIB" duration-ms="0" status="FAIL">
          <exception class="java.lang.IllegalStateException">
            <message>
              <![CDATA[The driver executable must exist: /usr/local/bin/node]]>
            </message>
            <full-stacktrace>
              <![CDATA[java.lang.IllegalStateException: The driver executable must exist: /usr/local/bin/node
at org.openqa.selenium.internal.Require$FileStateChecker.isFile(Require.java:342)
at org.openqa.selenium.remote.service.DriverService.checkExecutable(DriverService.java:147)
at org.openqa.selenium.remote.service.DriverService$Builder.usingDriverExecutable(DriverService.java:350)
at io.appium.java_client.service.local.AppiumServiceBuilder.usingDriverExecutable(AppiumServiceBuilder.java:415)
at Gokomodo.FE.Mobile.Buyer.controllers.MobileBuyerBaseMethod.getAppiumService(MobileBuyerBaseMethod.java:149)
at Gokomodo.FE.Mobile.Buyer.controllers.MobileBuyerBaseMethod.beforeSuite(MobileBuyerBaseMethod.java:63)
at java.base/jdk.internal.reflect.DirectMethodHandleAccessor.invoke(DirectMethodHandleAccessor.java:104)
at java.base/java.lang.reflect.Method.invoke(Method.java:577)
at org.testng.internal.MethodInvocationHelper.invokeMethod(MethodInvocationHelper.java:133)
at org.testng.internal.MethodInvocationHelper.invokeMethodConsideringTimeout(MethodInvocationHelper.java:62)
at org.testng.internal.ConfigInvoker.invokeConfigurationMethod(ConfigInvoker.java:385)
at org.testng.internal.ConfigInvoker.invokeConfigurations(ConfigInvoker.java:321)
at org.testng.SuiteRunner.privateRun(SuiteRunner.java:317)
at org.testng.SuiteRunner.run(SuiteRunner.java:276)
at org.testng.SuiteRunnerWorker.runSuite(SuiteRunnerWorker.java:53)
at org.testng.SuiteRunnerWorker.run(SuiteRunnerWorker.java:96)
at org.testng.TestNG.runSuitesSequentially(TestNG.java:1212)
at org.testng.TestNG.runSuitesSequentially(TestNG.java:1207)
at org.testng.TestNG.runSuitesLocally(TestNG.java:1134)
at org.testng.TestNG.runSuites(TestNG.java:1063)
at org.testng.TestNG.run(TestNG.java:1031)
at org.apache.maven.surefire.testng.TestNGExecutor.run(TestNGExecutor.java:283)
at org.apache.maven.surefire.testng.TestNGXmlTestSuite.execute(TestNGXmlTestSuite.java:75)
at org.apache.maven.surefire.testng.TestNGProvider.invoke(TestNGProvider.java:120)
at org.apache.maven.surefire.booter.ForkedBooter.invokeProviderInSameClassLoader(ForkedBooter.java:384)
at org.apache.maven.surefire.booter.ForkedBooter.runSuitesInProcess(ForkedBooter.java:345)
at org.apache.maven.surefire.booter.ForkedBooter.execute(ForkedBooter.java:126)
at org.apache.maven.surefire.booter.ForkedBooter.main(ForkedBooter.java:418)
]]>
            </full-stacktrace>
          </exception> <!-- java.lang.IllegalStateException -->
          <reporter-output>
            <line>
              <![CDATA[Completed executing following method : MobileBuyerBaseMethod.beforeSuite]]>
            </line>
          </reporter-output>
        </test-method> <!-- beforeSuite -->
        <test-method is-config="true" signature="beforeClass(java.lang.String,java.lang.String,java.lang.String)[pri:0, instance:Gokomodo.FE.Mobile.LoginManager.Buyer.tests.MobileLoginBuyer@220f2885]" started-at="2022-11-14T13:51:29 WIB" name="beforeClass" finished-at="1970-01-01T07:00:00 WIB" duration-ms="-1668408689104" status="SKIP">
          <reporter-output>
          </reporter-output>
        </test-method> <!-- beforeClass -->
        <test-method signature="mobileBuyerLogin()[pri:0, instance:Gokomodo.FE.Mobile.LoginManager.Buyer.tests.MobileLoginBuyer@220f2885]" started-at="2022-11-14T13:51:29 WIB" name="mobileBuyerLogin" description="Mobile buyer login test" finished-at="2022-11-14T13:51:29 WIB" duration-ms="0" status="SKIP">
          <exception class="java.lang.IllegalStateException">
            <message>
              <![CDATA[The driver executable must exist: /usr/local/bin/node]]>
            </message>
            <full-stacktrace>
              <![CDATA[java.lang.IllegalStateException: The driver executable must exist: /usr/local/bin/node
at org.openqa.selenium.internal.Require$FileStateChecker.isFile(Require.java:342)
at org.openqa.selenium.remote.service.DriverService.checkExecutable(DriverService.java:147)
at org.openqa.selenium.remote.service.DriverService$Builder.usingDriverExecutable(DriverService.java:350)
at io.appium.java_client.service.local.AppiumServiceBuilder.usingDriverExecutable(AppiumServiceBuilder.java:415)
at Gokomodo.FE.Mobile.Buyer.controllers.MobileBuyerBaseMethod.getAppiumService(MobileBuyerBaseMethod.java:149)
at Gokomodo.FE.Mobile.Buyer.controllers.MobileBuyerBaseMethod.beforeSuite(MobileBuyerBaseMethod.java:63)
at java.base/jdk.internal.reflect.DirectMethodHandleAccessor.invoke(DirectMethodHandleAccessor.java:104)
at java.base/java.lang.reflect.Method.invoke(Method.java:577)
at org.testng.internal.MethodInvocationHelper.invokeMethod(MethodInvocationHelper.java:133)
at org.testng.internal.MethodInvocationHelper.invokeMethodConsideringTimeout(MethodInvocationHelper.java:62)
at org.testng.internal.ConfigInvoker.invokeConfigurationMethod(ConfigInvoker.java:385)
at org.testng.internal.ConfigInvoker.invokeConfigurations(ConfigInvoker.java:321)
at org.testng.SuiteRunner.privateRun(SuiteRunner.java:317)
at org.testng.SuiteRunner.run(SuiteRunner.java:276)
at org.testng.SuiteRunnerWorker.runSuite(SuiteRunnerWorker.java:53)
at org.testng.SuiteRunnerWorker.run(SuiteRunnerWorker.java:96)
at org.testng.TestNG.runSuitesSequentially(TestNG.java:1212)
at org.testng.TestNG.runSuitesSequentially(TestNG.java:1207)
at org.testng.TestNG.runSuitesLocally(TestNG.java:1134)
at org.testng.TestNG.runSuites(TestNG.java:1063)
at org.testng.TestNG.run(TestNG.java:1031)
at org.apache.maven.surefire.testng.TestNGExecutor.run(TestNGExecutor.java:283)
at org.apache.maven.surefire.testng.TestNGXmlTestSuite.execute(TestNGXmlTestSuite.java:75)
at org.apache.maven.surefire.testng.TestNGProvider.invoke(TestNGProvider.java:120)
at org.apache.maven.surefire.booter.ForkedBooter.invokeProviderInSameClassLoader(ForkedBooter.java:384)
at org.apache.maven.surefire.booter.ForkedBooter.runSuitesInProcess(ForkedBooter.java:345)
at org.apache.maven.surefire.booter.ForkedBooter.execute(ForkedBooter.java:126)
at org.apache.maven.surefire.booter.ForkedBooter.main(ForkedBooter.java:418)
]]>
            </full-stacktrace>
          </exception> <!-- java.lang.IllegalStateException -->
          <reporter-output>
            <line>
              <![CDATA[About to begin executing following method : MobileLoginBuyer.mobileBuyerLogin]]>
            </line>
            <line>
              <![CDATA[Completed executing following method : MobileLoginBuyer.mobileBuyerLogin]]>
            </line>
            <line>
              <![CDATA[
SKIPPED TEST: Gokomodo.FE.Mobile.LoginManager.Buyer.tests.MobileLoginBuyer.mobileBuyerLogin
]]>
            </line>
            <line>
              <![CDATA[About to begin executing following method : MobileBuyerBaseMethod.afterClass]]>
            </line>
            <line>
              <![CDATA[Completed executing following method : MobileBuyerBaseMethod.afterClass]]>
            </line>
            <line>
              <![CDATA[About to begin executing following method : MobileSellerBaseMethod.beforeClass]]>
            </line>
            <line>
              <![CDATA[Completed executing following method : MobileSellerBaseMethod.beforeClass]]>
            </line>
            <line>
              <![CDATA[
STARTED TESTING: Gokomodo.FE.Mobile.LoginManager.Seller.tests.MobileLoginSeller.mobileSellerLogin
]]>
            </line>
          </reporter-output>
        </test-method> <!-- mobileBuyerLogin -->
        <test-method is-config="true" signature="afterClass()[pri:0, instance:Gokomodo.FE.Mobile.LoginManager.Buyer.tests.MobileLoginBuyer@220f2885]" started-at="2022-11-14T13:51:29 WIB" name="afterClass" finished-at="1970-01-01T07:00:00 WIB" duration-ms="-1668408689106" status="SKIP">
          <reporter-output>
          </reporter-output>
        </test-method> <!-- afterClass -->
        <test-method is-config="true" signature="afterSuite()[pri:0, instance:Gokomodo.FE.Mobile.LoginManager.Buyer.tests.MobileLoginBuyer@220f2885]" started-at="2022-11-14T13:51:29 WIB" name="afterSuite" finished-at="1970-01-01T07:00:00 WIB" duration-ms="-1668408689110" status="SKIP">
          <reporter-output>
          </reporter-output>
        </test-method> <!-- afterSuite -->
      </class> <!-- Gokomodo.FE.Mobile.LoginManager.Buyer.tests.MobileLoginBuyer -->
      <class name="Gokomodo.FE.Mobile.LoginManager.Seller.tests.MobileLoginSeller">
        <test-method is-config="true" signature="beforeSuite()[pri:0, instance:Gokomodo.FE.Mobile.LoginManager.Seller.tests.MobileLoginSeller@66d9a929]" started-at="2022-11-14T13:51:29 WIB" name="beforeSuite" finished-at="1970-01-01T07:00:00 WIB" duration-ms="-1668408689099" status="SKIP">
          <reporter-output>
          </reporter-output>
        </test-method> <!-- beforeSuite -->
        <test-method signature="mobileSellerLogin()[pri:0, instance:Gokomodo.FE.Mobile.LoginManager.Seller.tests.MobileLoginSeller@66d9a929]" started-at="2022-11-14T13:51:29 WIB" name="mobileSellerLogin" description="Mobile seller login test" finished-at="2022-11-14T13:51:29 WIB" duration-ms="0" status="SKIP">
          <exception class="java.lang.IllegalStateException">
            <message>
              <![CDATA[The driver executable must exist: /usr/local/bin/node]]>
            </message>
            <full-stacktrace>
              <![CDATA[java.lang.IllegalStateException: The driver executable must exist: /usr/local/bin/node
at org.openqa.selenium.internal.Require$FileStateChecker.isFile(Require.java:342)
at org.openqa.selenium.remote.service.DriverService.checkExecutable(DriverService.java:147)
at org.openqa.selenium.remote.service.DriverService$Builder.usingDriverExecutable(DriverService.java:350)
at io.appium.java_client.service.local.AppiumServiceBuilder.usingDriverExecutable(AppiumServiceBuilder.java:415)
at Gokomodo.FE.Mobile.Buyer.controllers.MobileBuyerBaseMethod.getAppiumService(MobileBuyerBaseMethod.java:149)
at Gokomodo.FE.Mobile.Buyer.controllers.MobileBuyerBaseMethod.beforeSuite(MobileBuyerBaseMethod.java:63)
at java.base/jdk.internal.reflect.DirectMethodHandleAccessor.invoke(DirectMethodHandleAccessor.java:104)
at java.base/java.lang.reflect.Method.invoke(Method.java:577)
at org.testng.internal.MethodInvocationHelper.invokeMethod(MethodInvocationHelper.java:133)
at org.testng.internal.MethodInvocationHelper.invokeMethodConsideringTimeout(MethodInvocationHelper.java:62)
at org.testng.internal.ConfigInvoker.invokeConfigurationMethod(ConfigInvoker.java:385)
at org.testng.internal.ConfigInvoker.invokeConfigurations(ConfigInvoker.java:321)
at org.testng.SuiteRunner.privateRun(SuiteRunner.java:317)
at org.testng.SuiteRunner.run(SuiteRunner.java:276)
at org.testng.SuiteRunnerWorker.runSuite(SuiteRunnerWorker.java:53)
at org.testng.SuiteRunnerWorker.run(SuiteRunnerWorker.java:96)
at org.testng.TestNG.runSuitesSequentially(TestNG.java:1212)
at org.testng.TestNG.runSuitesSequentially(TestNG.java:1207)
at org.testng.TestNG.runSuitesLocally(TestNG.java:1134)
at org.testng.TestNG.runSuites(TestNG.java:1063)
at org.testng.TestNG.run(TestNG.java:1031)
at org.apache.maven.surefire.testng.TestNGExecutor.run(TestNGExecutor.java:283)
at org.apache.maven.surefire.testng.TestNGXmlTestSuite.execute(TestNGXmlTestSuite.java:75)
at org.apache.maven.surefire.testng.TestNGProvider.invoke(TestNGProvider.java:120)
at org.apache.maven.surefire.booter.ForkedBooter.invokeProviderInSameClassLoader(ForkedBooter.java:384)
at org.apache.maven.surefire.booter.ForkedBooter.runSuitesInProcess(ForkedBooter.java:345)
at org.apache.maven.surefire.booter.ForkedBooter.execute(ForkedBooter.java:126)
at org.apache.maven.surefire.booter.ForkedBooter.main(ForkedBooter.java:418)
]]>
            </full-stacktrace>
          </exception> <!-- java.lang.IllegalStateException -->
          <reporter-output>
            <line>
              <![CDATA[About to begin executing following method : MobileLoginSeller.mobileSellerLogin]]>
            </line>
            <line>
              <![CDATA[Completed executing following method : MobileLoginSeller.mobileSellerLogin]]>
            </line>
            <line>
              <![CDATA[
SKIPPED TEST: Gokomodo.FE.Mobile.LoginManager.Seller.tests.MobileLoginSeller.mobileSellerLogin
]]>
            </line>
            <line>
              <![CDATA[About to begin executing following method : MobileSellerBaseMethod.afterClass]]>
            </line>
            <line>
              <![CDATA[Completed executing following method : MobileSellerBaseMethod.afterClass]]>
            </line>
            <line>
              <![CDATA[Completed executing test Mobile iPhone]]>
            </line>
          </reporter-output>
        </test-method> <!-- mobileSellerLogin -->
        <test-method is-config="true" signature="beforeClass(java.lang.String,java.lang.String,java.lang.String)[pri:0, instance:Gokomodo.FE.Mobile.LoginManager.Seller.tests.MobileLoginSeller@66d9a929]" started-at="2022-11-14T13:51:29 WIB" name="beforeClass" finished-at="1970-01-01T07:00:00 WIB" duration-ms="-1668408689106" status="SKIP">
          <reporter-output>
          </reporter-output>
        </test-method> <!-- beforeClass -->
        <test-method is-config="true" signature="afterClass()[pri:0, instance:Gokomodo.FE.Mobile.LoginManager.Seller.tests.MobileLoginSeller@66d9a929]" started-at="2022-11-14T13:51:29 WIB" name="afterClass" finished-at="1970-01-01T07:00:00 WIB" duration-ms="-1668408689107" status="SKIP">
          <reporter-output>
          </reporter-output>
        </test-method> <!-- afterClass -->
        <test-method is-config="true" signature="afterSuite()[pri:0, instance:Gokomodo.FE.Mobile.LoginManager.Seller.tests.MobileLoginSeller@66d9a929]" started-at="2022-11-14T13:51:29 WIB" name="afterSuite" finished-at="1970-01-01T07:00:00 WIB" duration-ms="-1668408689111" status="SKIP">
          <reporter-output>
          </reporter-output>
        </test-method> <!-- afterSuite -->
      </class> <!-- Gokomodo.FE.Mobile.LoginManager.Seller.tests.MobileLoginSeller -->
    </test> <!-- Mobile iPhone -->
  </suite> <!-- End to End Mobile QA Gokomodo -->
  <suite started-at="2022-11-14T13:51:29 WIB" name="End to End Mobile Web QA Gokomodo" finished-at="2022-11-14T13:51:29 WIB" duration-ms="15">
    <groups>
    </groups>
    <test started-at="2022-11-14T13:51:29 WIB" name="Mobile Android" finished-at="2022-11-14T13:51:29 WIB" duration-ms="5">
      <class name="Gokomodo.FE.MobileWeb.LoginManager.Admin.tests.MobileWebLoginAdmin">
        <test-method is-config="true" signature="beforeClass(java.lang.String,java.lang.String,java.lang.String)[pri:0, instance:Gokomodo.FE.MobileWeb.LoginManager.Admin.tests.MobileWebLoginAdmin@30127693]" started-at="2022-11-14T13:51:29 WIB" name="beforeClass" finished-at="1970-01-01T07:00:00 WIB" duration-ms="-1668408689077" status="SKIP">
          <reporter-output>
          </reporter-output>
        </test-method> <!-- beforeClass -->
        <test-method signature="mobileWebAdminLogin()[pri:0, instance:Gokomodo.FE.MobileWeb.LoginManager.Admin.tests.MobileWebLoginAdmin@30127693]" started-at="2022-11-14T13:51:29 WIB" name="mobileWebAdminLogin" description="Mobile web admin login test" finished-at="2022-11-14T13:51:29 WIB" duration-ms="0" status="SKIP">
          <reporter-output>
            <line>
              <![CDATA[About to begin executing following method : MobileWebLoginAdmin.mobileWebAdminLogin]]>
            </line>
            <line>
              <![CDATA[Completed executing following method : MobileWebLoginAdmin.mobileWebAdminLogin]]>
            </line>
            <line>
              <![CDATA[
SKIPPED TEST: Gokomodo.FE.MobileWeb.LoginManager.Admin.tests.MobileWebLoginAdmin.mobileWebAdminLogin
]]>
            </line>
            <line>
              <![CDATA[About to begin executing following method : MobileWebAdminBaseMethod.afterClass]]>
            </line>
            <line>
              <![CDATA[Completed executing following method : MobileWebAdminBaseMethod.afterClass]]>
            </line>
            <line>
              <![CDATA[About to begin executing following method : MobileWebBuyerBaseMethod.beforeClass]]>
            </line>
            <line>
              <![CDATA[Completed executing following method : MobileWebBuyerBaseMethod.beforeClass]]>
            </line>
            <line>
              <![CDATA[
STARTED TESTING: Gokomodo.FE.MobileWeb.LoginManager.Buyer.tests.MobileWebLoginBuyer.validUserName
]]>
            </line>
          </reporter-output>
        </test-method> <!-- mobileWebAdminLogin -->
        <test-method is-config="true" signature="afterClass()[pri:0, instance:Gokomodo.FE.MobileWeb.LoginManager.Admin.tests.MobileWebLoginAdmin@30127693]" started-at="2022-11-14T13:51:29 WIB" name="afterClass" finished-at="1970-01-01T07:00:00 WIB" duration-ms="-1668408689078" status="SKIP">
          <reporter-output>
          </reporter-output>
        </test-method> <!-- afterClass -->
      </class> <!-- Gokomodo.FE.MobileWeb.LoginManager.Admin.tests.MobileWebLoginAdmin -->
      <class name="Gokomodo.FE.MobileWeb.LoginManager.Seller.tests.MobileWebLoginSeller">
        <test-method signature="validUserName()[pri:0, instance:Gokomodo.FE.MobileWeb.LoginManager.Seller.tests.MobileWebLoginSeller@3a1a08f9]" started-at="2022-11-14T13:51:29 WIB" name="validUserName" description="Mobile seller web login Test" finished-at="2022-11-14T13:51:29 WIB" duration-ms="0" status="SKIP">
          <reporter-output>
            <line>
              <![CDATA[About to begin executing following method : MobileWebLoginSeller.validUserName]]>
            </line>
            <line>
              <![CDATA[Completed executing following method : MobileWebLoginSeller.validUserName]]>
            </line>
            <line>
              <![CDATA[
SKIPPED TEST: Gokomodo.FE.MobileWeb.LoginManager.Seller.tests.MobileWebLoginSeller.validUserName
]]>
            </line>
            <line>
              <![CDATA[About to begin executing following method : MobileWebSellerBaseMethod.afterClass]]>
            </line>
            <line>
              <![CDATA[Completed executing following method : MobileWebSellerBaseMethod.afterClass]]>
            </line>
            <line>
              <![CDATA[Completed executing test Mobile Android]]>
            </line>
            <line>
              <![CDATA[About to begin executing Test Mobile iPhone]]>
            </line>
            <line>
              <![CDATA[About to begin executing following method : MobileWebAdminBaseMethod.beforeClass]]>
            </line>
            <line>
              <![CDATA[Completed executing following method : MobileWebAdminBaseMethod.beforeClass]]>
            </line>
            <line>
              <![CDATA[
STARTED TESTING: Gokomodo.FE.MobileWeb.LoginManager.Admin.tests.MobileWebLoginAdmin.mobileWebAdminLogin
]]>
            </line>
          </reporter-output>
        </test-method> <!-- validUserName -->
        <test-method is-config="true" signature="beforeClass(java.lang.String,java.lang.String,java.lang.String)[pri:0, instance:Gokomodo.FE.MobileWeb.LoginManager.Seller.tests.MobileWebLoginSeller@3a1a08f9]" started-at="2022-11-14T13:51:29 WIB" name="beforeClass" finished-at="1970-01-01T07:00:00 WIB" duration-ms="-1668408689080" status="SKIP">
          <reporter-output>
          </reporter-output>
        </test-method> <!-- beforeClass -->
        <test-method is-config="true" signature="afterClass()[pri:0, instance:Gokomodo.FE.MobileWeb.LoginManager.Seller.tests.MobileWebLoginSeller@3a1a08f9]" started-at="2022-11-14T13:51:29 WIB" name="afterClass" finished-at="1970-01-01T07:00:00 WIB" duration-ms="-1668408689081" status="SKIP">
          <reporter-output>
          </reporter-output>
        </test-method> <!-- afterClass -->
      </class> <!-- Gokomodo.FE.MobileWeb.LoginManager.Seller.tests.MobileWebLoginSeller -->
      <class name="Gokomodo.FE.MobileWeb.LoginManager.Buyer.tests.MobileWebLoginBuyer">
        <test-method is-config="true" signature="beforeClass(java.lang.String,java.lang.String,java.lang.String)[pri:0, instance:Gokomodo.FE.MobileWeb.LoginManager.Buyer.tests.MobileWebLoginBuyer@6ce3e92d]" started-at="2022-11-14T13:51:29 WIB" name="beforeClass" finished-at="1970-01-01T07:00:00 WIB" duration-ms="-1668408689079" status="SKIP">
          <reporter-output>
          </reporter-output>
        </test-method> <!-- beforeClass -->
        <test-method signature="validUserName()[pri:0, instance:Gokomodo.FE.MobileWeb.LoginManager.Buyer.tests.MobileWebLoginBuyer@6ce3e92d]" started-at="2022-11-14T13:51:29 WIB" name="validUserName" description="Mobile web admin login test" finished-at="2022-11-14T13:51:29 WIB" duration-ms="0" status="SKIP">
          <reporter-output>
            <line>
              <![CDATA[About to begin executing following method : MobileWebLoginBuyer.validUserName]]>
            </line>
            <line>
              <![CDATA[Completed executing following method : MobileWebLoginBuyer.validUserName]]>
            </line>
            <line>
              <![CDATA[
SKIPPED TEST: Gokomodo.FE.MobileWeb.LoginManager.Buyer.tests.MobileWebLoginBuyer.validUserName
]]>
            </line>
            <line>
              <![CDATA[About to begin executing following method : MobileWebBuyerBaseMethod.afterClass]]>
            </line>
            <line>
              <![CDATA[Completed executing following method : MobileWebBuyerBaseMethod.afterClass]]>
            </line>
            <line>
              <![CDATA[About to begin executing following method : MobileWebSellerBaseMethod.beforeClass]]>
            </line>
            <line>
              <![CDATA[Completed executing following method : MobileWebSellerBaseMethod.beforeClass]]>
            </line>
            <line>
              <![CDATA[
STARTED TESTING: Gokomodo.FE.MobileWeb.LoginManager.Seller.tests.MobileWebLoginSeller.validUserName
]]>
            </line>
          </reporter-output>
        </test-method> <!-- validUserName -->
        <test-method is-config="true" signature="afterClass()[pri:0, instance:Gokomodo.FE.MobileWeb.LoginManager.Buyer.tests.MobileWebLoginBuyer@6ce3e92d]" started-at="2022-11-14T13:51:29 WIB" name="afterClass" finished-at="1970-01-01T07:00:00 WIB" duration-ms="-1668408689080" status="SKIP">
          <reporter-output>
          </reporter-output>
        </test-method> <!-- afterClass -->
      </class> <!-- Gokomodo.FE.MobileWeb.LoginManager.Buyer.tests.MobileWebLoginBuyer -->
    </test> <!-- Mobile Android -->
    <test started-at="2022-11-14T13:51:29 WIB" name="Mobile iPhone" finished-at="2022-11-14T13:51:29 WIB" duration-ms="5">
      <class name="Gokomodo.FE.MobileWeb.LoginManager.Admin.tests.MobileWebLoginAdmin">
        <test-method is-config="true" signature="beforeSuite()[pri:0, instance:Gokomodo.FE.MobileWeb.LoginManager.Admin.tests.MobileWebLoginAdmin@156ae5ac]" started-at="2022-11-14T13:51:29 WIB" name="beforeSuite" finished-at="2022-11-14T13:51:29 WIB" duration-ms="3" status="FAIL">
          <exception class="java.lang.IllegalStateException">
            <message>
              <![CDATA[The driver executable must exist: /usr/local/bin/node]]>
            </message>
            <full-stacktrace>
              <![CDATA[java.lang.IllegalStateException: The driver executable must exist: /usr/local/bin/node
at org.openqa.selenium.internal.Require$FileStateChecker.isFile(Require.java:342)
at org.openqa.selenium.remote.service.DriverService.checkExecutable(DriverService.java:147)
at org.openqa.selenium.remote.service.DriverService$Builder.usingDriverExecutable(DriverService.java:350)
at io.appium.java_client.service.local.AppiumServiceBuilder.usingDriverExecutable(AppiumServiceBuilder.java:415)
at Gokomodo.FE.MobileWeb.Admin.controllers.MobileWebAdminBaseMethod.getAppiumService(MobileWebAdminBaseMethod.java:125)
at Gokomodo.FE.MobileWeb.Admin.controllers.MobileWebAdminBaseMethod.beforeSuite(MobileWebAdminBaseMethod.java:51)
at java.base/jdk.internal.reflect.DirectMethodHandleAccessor.invoke(DirectMethodHandleAccessor.java:104)
at java.base/java.lang.reflect.Method.invoke(Method.java:577)
at org.testng.internal.MethodInvocationHelper.invokeMethod(MethodInvocationHelper.java:133)
at org.testng.internal.MethodInvocationHelper.invokeMethodConsideringTimeout(MethodInvocationHelper.java:62)
at org.testng.internal.ConfigInvoker.invokeConfigurationMethod(ConfigInvoker.java:385)
at org.testng.internal.ConfigInvoker.invokeConfigurations(ConfigInvoker.java:321)
at org.testng.SuiteRunner.privateRun(SuiteRunner.java:317)
at org.testng.SuiteRunner.run(SuiteRunner.java:276)
at org.testng.SuiteRunnerWorker.runSuite(SuiteRunnerWorker.java:53)
at org.testng.SuiteRunnerWorker.run(SuiteRunnerWorker.java:96)
at org.testng.TestNG.runSuitesSequentially(TestNG.java:1212)
at org.testng.TestNG.runSuitesSequentially(TestNG.java:1207)
at org.testng.TestNG.runSuitesLocally(TestNG.java:1134)
at org.testng.TestNG.runSuites(TestNG.java:1063)
at org.testng.TestNG.run(TestNG.java:1031)
at org.apache.maven.surefire.testng.TestNGExecutor.run(TestNGExecutor.java:283)
at org.apache.maven.surefire.testng.TestNGXmlTestSuite.execute(TestNGXmlTestSuite.java:75)
at org.apache.maven.surefire.testng.TestNGProvider.invoke(TestNGProvider.java:120)
at org.apache.maven.surefire.booter.ForkedBooter.invokeProviderInSameClassLoader(ForkedBooter.java:384)
at org.apache.maven.surefire.booter.ForkedBooter.runSuitesInProcess(ForkedBooter.java:345)
at org.apache.maven.surefire.booter.ForkedBooter.execute(ForkedBooter.java:126)
at org.apache.maven.surefire.booter.ForkedBooter.main(ForkedBooter.java:418)
]]>
            </full-stacktrace>
          </exception> <!-- java.lang.IllegalStateException -->
          <reporter-output>
            <line>
              <![CDATA[Completed executing following method : MobileWebAdminBaseMethod.beforeSuite]]>
            </line>
          </reporter-output>
        </test-method> <!-- beforeSuite -->
        <test-method is-config="true" signature="beforeClass(java.lang.String,java.lang.String,java.lang.String)[pri:0, instance:Gokomodo.FE.MobileWeb.LoginManager.Admin.tests.MobileWebLoginAdmin@156ae5ac]" started-at="2022-11-14T13:51:29 WIB" name="beforeClass" finished-at="1970-01-01T07:00:00 WIB" duration-ms="-1668408689087" status="SKIP">
          <reporter-output>
          </reporter-output>
        </test-method> <!-- beforeClass -->
        <test-method signature="mobileWebAdminLogin()[pri:0, instance:Gokomodo.FE.MobileWeb.LoginManager.Admin.tests.MobileWebLoginAdmin@156ae5ac]" started-at="2022-11-14T13:51:29 WIB" name="mobileWebAdminLogin" description="Mobile web admin login test" finished-at="2022-11-14T13:51:29 WIB" duration-ms="0" status="SKIP">
          <exception class="java.lang.IllegalStateException">
            <message>
              <![CDATA[The driver executable must exist: /usr/local/bin/node]]>
            </message>
            <full-stacktrace>
              <![CDATA[java.lang.IllegalStateException: The driver executable must exist: /usr/local/bin/node
at org.openqa.selenium.internal.Require$FileStateChecker.isFile(Require.java:342)
at org.openqa.selenium.remote.service.DriverService.checkExecutable(DriverService.java:147)
at org.openqa.selenium.remote.service.DriverService$Builder.usingDriverExecutable(DriverService.java:350)
at io.appium.java_client.service.local.AppiumServiceBuilder.usingDriverExecutable(AppiumServiceBuilder.java:415)
at Gokomodo.FE.MobileWeb.Admin.controllers.MobileWebAdminBaseMethod.getAppiumService(MobileWebAdminBaseMethod.java:125)
at Gokomodo.FE.MobileWeb.Admin.controllers.MobileWebAdminBaseMethod.beforeSuite(MobileWebAdminBaseMethod.java:51)
at java.base/jdk.internal.reflect.DirectMethodHandleAccessor.invoke(DirectMethodHandleAccessor.java:104)
at java.base/java.lang.reflect.Method.invoke(Method.java:577)
at org.testng.internal.MethodInvocationHelper.invokeMethod(MethodInvocationHelper.java:133)
at org.testng.internal.MethodInvocationHelper.invokeMethodConsideringTimeout(MethodInvocationHelper.java:62)
at org.testng.internal.ConfigInvoker.invokeConfigurationMethod(ConfigInvoker.java:385)
at org.testng.internal.ConfigInvoker.invokeConfigurations(ConfigInvoker.java:321)
at org.testng.SuiteRunner.privateRun(SuiteRunner.java:317)
at org.testng.SuiteRunner.run(SuiteRunner.java:276)
at org.testng.SuiteRunnerWorker.runSuite(SuiteRunnerWorker.java:53)
at org.testng.SuiteRunnerWorker.run(SuiteRunnerWorker.java:96)
at org.testng.TestNG.runSuitesSequentially(TestNG.java:1212)
at org.testng.TestNG.runSuitesSequentially(TestNG.java:1207)
at org.testng.TestNG.runSuitesLocally(TestNG.java:1134)
at org.testng.TestNG.runSuites(TestNG.java:1063)
at org.testng.TestNG.run(TestNG.java:1031)
at org.apache.maven.surefire.testng.TestNGExecutor.run(TestNGExecutor.java:283)
at org.apache.maven.surefire.testng.TestNGXmlTestSuite.execute(TestNGXmlTestSuite.java:75)
at org.apache.maven.surefire.testng.TestNGProvider.invoke(TestNGProvider.java:120)
at org.apache.maven.surefire.booter.ForkedBooter.invokeProviderInSameClassLoader(ForkedBooter.java:384)
at org.apache.maven.surefire.booter.ForkedBooter.runSuitesInProcess(ForkedBooter.java:345)
at org.apache.maven.surefire.booter.ForkedBooter.execute(ForkedBooter.java:126)
at org.apache.maven.surefire.booter.ForkedBooter.main(ForkedBooter.java:418)
]]>
            </full-stacktrace>
          </exception> <!-- java.lang.IllegalStateException -->
          <reporter-output>
            <line>
              <![CDATA[About to begin executing following method : MobileWebLoginAdmin.mobileWebAdminLogin]]>
            </line>
            <line>
              <![CDATA[Completed executing following method : MobileWebLoginAdmin.mobileWebAdminLogin]]>
            </line>
            <line>
              <![CDATA[
SKIPPED TEST: Gokomodo.FE.MobileWeb.LoginManager.Admin.tests.MobileWebLoginAdmin.mobileWebAdminLogin
]]>
            </line>
            <line>
              <![CDATA[About to begin executing following method : MobileWebAdminBaseMethod.afterClass]]>
            </line>
            <line>
              <![CDATA[Completed executing following method : MobileWebAdminBaseMethod.afterClass]]>
            </line>
            <line>
              <![CDATA[About to begin executing following method : MobileWebBuyerBaseMethod.beforeClass]]>
            </line>
            <line>
              <![CDATA[Completed executing following method : MobileWebBuyerBaseMethod.beforeClass]]>
            </line>
            <line>
              <![CDATA[
STARTED TESTING: Gokomodo.FE.MobileWeb.LoginManager.Buyer.tests.MobileWebLoginBuyer.validUserName
]]>
            </line>
          </reporter-output>
        </test-method> <!-- mobileWebAdminLogin -->
        <test-method is-config="true" signature="afterClass()[pri:0, instance:Gokomodo.FE.MobileWeb.LoginManager.Admin.tests.MobileWebLoginAdmin@156ae5ac]" started-at="2022-11-14T13:51:29 WIB" name="afterClass" finished-at="1970-01-01T07:00:00 WIB" duration-ms="-1668408689088" status="SKIP">
          <reporter-output>
          </reporter-output>
        </test-method> <!-- afterClass -->
        <test-method is-config="true" signature="afterSuite()[pri:0, instance:Gokomodo.FE.MobileWeb.LoginManager.Admin.tests.MobileWebLoginAdmin@156ae5ac]" started-at="2022-11-14T13:51:29 WIB" name="afterSuite" finished-at="1970-01-01T07:00:00 WIB" duration-ms="-1668408689096" status="SKIP">
          <reporter-output>
          </reporter-output>
        </test-method> <!-- afterSuite -->
      </class> <!-- Gokomodo.FE.MobileWeb.LoginManager.Admin.tests.MobileWebLoginAdmin -->
      <class name="Gokomodo.FE.MobileWeb.LoginManager.Seller.tests.MobileWebLoginSeller">
        <test-method is-config="true" signature="beforeSuite()[pri:0, instance:Gokomodo.FE.MobileWeb.LoginManager.Seller.tests.MobileWebLoginSeller@1c8aad70]" started-at="2022-11-14T13:51:29 WIB" name="beforeSuite" finished-at="1970-01-01T07:00:00 WIB" duration-ms="-1668408689076" status="SKIP">
          <reporter-output>
          </reporter-output>
        </test-method> <!-- beforeSuite -->
        <test-method signature="validUserName()[pri:0, instance:Gokomodo.FE.MobileWeb.LoginManager.Seller.tests.MobileWebLoginSeller@1c8aad70]" started-at="2022-11-14T13:51:29 WIB" name="validUserName" description="Mobile seller web login Test" finished-at="2022-11-14T13:51:29 WIB" duration-ms="0" status="SKIP">
          <exception class="java.lang.IllegalStateException">
            <message>
              <![CDATA[The driver executable must exist: /usr/local/bin/node]]>
            </message>
            <full-stacktrace>
              <![CDATA[java.lang.IllegalStateException: The driver executable must exist: /usr/local/bin/node
at org.openqa.selenium.internal.Require$FileStateChecker.isFile(Require.java:342)
at org.openqa.selenium.remote.service.DriverService.checkExecutable(DriverService.java:147)
at org.openqa.selenium.remote.service.DriverService$Builder.usingDriverExecutable(DriverService.java:350)
at io.appium.java_client.service.local.AppiumServiceBuilder.usingDriverExecutable(AppiumServiceBuilder.java:415)
at Gokomodo.FE.MobileWeb.Admin.controllers.MobileWebAdminBaseMethod.getAppiumService(MobileWebAdminBaseMethod.java:125)
at Gokomodo.FE.MobileWeb.Admin.controllers.MobileWebAdminBaseMethod.beforeSuite(MobileWebAdminBaseMethod.java:51)
at java.base/jdk.internal.reflect.DirectMethodHandleAccessor.invoke(DirectMethodHandleAccessor.java:104)
at java.base/java.lang.reflect.Method.invoke(Method.java:577)
at org.testng.internal.MethodInvocationHelper.invokeMethod(MethodInvocationHelper.java:133)
at org.testng.internal.MethodInvocationHelper.invokeMethodConsideringTimeout(MethodInvocationHelper.java:62)
at org.testng.internal.ConfigInvoker.invokeConfigurationMethod(ConfigInvoker.java:385)
at org.testng.internal.ConfigInvoker.invokeConfigurations(ConfigInvoker.java:321)
at org.testng.SuiteRunner.privateRun(SuiteRunner.java:317)
at org.testng.SuiteRunner.run(SuiteRunner.java:276)
at org.testng.SuiteRunnerWorker.runSuite(SuiteRunnerWorker.java:53)
at org.testng.SuiteRunnerWorker.run(SuiteRunnerWorker.java:96)
at org.testng.TestNG.runSuitesSequentially(TestNG.java:1212)
at org.testng.TestNG.runSuitesSequentially(TestNG.java:1207)
at org.testng.TestNG.runSuitesLocally(TestNG.java:1134)
at org.testng.TestNG.runSuites(TestNG.java:1063)
at org.testng.TestNG.run(TestNG.java:1031)
at org.apache.maven.surefire.testng.TestNGExecutor.run(TestNGExecutor.java:283)
at org.apache.maven.surefire.testng.TestNGXmlTestSuite.execute(TestNGXmlTestSuite.java:75)
at org.apache.maven.surefire.testng.TestNGProvider.invoke(TestNGProvider.java:120)
at org.apache.maven.surefire.booter.ForkedBooter.invokeProviderInSameClassLoader(ForkedBooter.java:384)
at org.apache.maven.surefire.booter.ForkedBooter.runSuitesInProcess(ForkedBooter.java:345)
at org.apache.maven.surefire.booter.ForkedBooter.execute(ForkedBooter.java:126)
at org.apache.maven.surefire.booter.ForkedBooter.main(ForkedBooter.java:418)
]]>
            </full-stacktrace>
          </exception> <!-- java.lang.IllegalStateException -->
          <reporter-output>
            <line>
              <![CDATA[About to begin executing following method : MobileWebLoginSeller.validUserName]]>
            </line>
            <line>
              <![CDATA[Completed executing following method : MobileWebLoginSeller.validUserName]]>
            </line>
            <line>
              <![CDATA[
SKIPPED TEST: Gokomodo.FE.MobileWeb.LoginManager.Seller.tests.MobileWebLoginSeller.validUserName
]]>
            </line>
            <line>
              <![CDATA[About to begin executing following method : MobileWebSellerBaseMethod.afterClass]]>
            </line>
            <line>
              <![CDATA[Completed executing following method : MobileWebSellerBaseMethod.afterClass]]>
            </line>
            <line>
              <![CDATA[Completed executing test Mobile iPhone]]>
            </line>
          </reporter-output>
        </test-method> <!-- validUserName -->
        <test-method is-config="true" signature="beforeClass(java.lang.String,java.lang.String,java.lang.String)[pri:0, instance:Gokomodo.FE.MobileWeb.LoginManager.Seller.tests.MobileWebLoginSeller@1c8aad70]" started-at="2022-11-14T13:51:29 WIB" name="beforeClass" finished-at="1970-01-01T07:00:00 WIB" duration-ms="-1668408689090" status="SKIP">
          <reporter-output>
          </reporter-output>
        </test-method> <!-- beforeClass -->
        <test-method is-config="true" signature="afterClass()[pri:0, instance:Gokomodo.FE.MobileWeb.LoginManager.Seller.tests.MobileWebLoginSeller@1c8aad70]" started-at="2022-11-14T13:51:29 WIB" name="afterClass" finished-at="1970-01-01T07:00:00 WIB" duration-ms="-1668408689091" status="SKIP">
          <reporter-output>
          </reporter-output>
        </test-method> <!-- afterClass -->
        <test-method is-config="true" signature="afterSuite()[pri:0, instance:Gokomodo.FE.MobileWeb.LoginManager.Seller.tests.MobileWebLoginSeller@1c8aad70]" started-at="2022-11-14T13:51:29 WIB" name="afterSuite" finished-at="1970-01-01T07:00:00 WIB" duration-ms="-1668408689096" status="SKIP">
          <reporter-output>
          </reporter-output>
        </test-method> <!-- afterSuite -->
      </class> <!-- Gokomodo.FE.MobileWeb.LoginManager.Seller.tests.MobileWebLoginSeller -->
      <class name="Gokomodo.FE.MobileWeb.LoginManager.Buyer.tests.MobileWebLoginBuyer">
        <test-method is-config="true" signature="beforeSuite()[pri:0, instance:Gokomodo.FE.MobileWeb.LoginManager.Buyer.tests.MobileWebLoginBuyer@324a98b6]" started-at="2022-11-14T13:51:29 WIB" name="beforeSuite" finished-at="1970-01-01T07:00:00 WIB" duration-ms="-1668408689076" status="SKIP">
          <reporter-output>
          </reporter-output>
        </test-method> <!-- beforeSuite -->
        <test-method signature="validUserName()[pri:0, instance:Gokomodo.FE.MobileWeb.LoginManager.Buyer.tests.MobileWebLoginBuyer@324a98b6]" started-at="2022-11-14T13:51:29 WIB" name="validUserName" description="Mobile web admin login test" finished-at="2022-11-14T13:51:29 WIB" duration-ms="0" status="SKIP">
          <exception class="java.lang.IllegalStateException">
            <message>
              <![CDATA[The driver executable must exist: /usr/local/bin/node]]>
            </message>
            <full-stacktrace>
              <![CDATA[java.lang.IllegalStateException: The driver executable must exist: /usr/local/bin/node
at org.openqa.selenium.internal.Require$FileStateChecker.isFile(Require.java:342)
at org.openqa.selenium.remote.service.DriverService.checkExecutable(DriverService.java:147)
at org.openqa.selenium.remote.service.DriverService$Builder.usingDriverExecutable(DriverService.java:350)
at io.appium.java_client.service.local.AppiumServiceBuilder.usingDriverExecutable(AppiumServiceBuilder.java:415)
at Gokomodo.FE.MobileWeb.Admin.controllers.MobileWebAdminBaseMethod.getAppiumService(MobileWebAdminBaseMethod.java:125)
at Gokomodo.FE.MobileWeb.Admin.controllers.MobileWebAdminBaseMethod.beforeSuite(MobileWebAdminBaseMethod.java:51)
at java.base/jdk.internal.reflect.DirectMethodHandleAccessor.invoke(DirectMethodHandleAccessor.java:104)
at java.base/java.lang.reflect.Method.invoke(Method.java:577)
at org.testng.internal.MethodInvocationHelper.invokeMethod(MethodInvocationHelper.java:133)
at org.testng.internal.MethodInvocationHelper.invokeMethodConsideringTimeout(MethodInvocationHelper.java:62)
at org.testng.internal.ConfigInvoker.invokeConfigurationMethod(ConfigInvoker.java:385)
at org.testng.internal.ConfigInvoker.invokeConfigurations(ConfigInvoker.java:321)
at org.testng.SuiteRunner.privateRun(SuiteRunner.java:317)
at org.testng.SuiteRunner.run(SuiteRunner.java:276)
at org.testng.SuiteRunnerWorker.runSuite(SuiteRunnerWorker.java:53)
at org.testng.SuiteRunnerWorker.run(SuiteRunnerWorker.java:96)
at org.testng.TestNG.runSuitesSequentially(TestNG.java:1212)
at org.testng.TestNG.runSuitesSequentially(TestNG.java:1207)
at org.testng.TestNG.runSuitesLocally(TestNG.java:1134)
at org.testng.TestNG.runSuites(TestNG.java:1063)
at org.testng.TestNG.run(TestNG.java:1031)
at org.apache.maven.surefire.testng.TestNGExecutor.run(TestNGExecutor.java:283)
at org.apache.maven.surefire.testng.TestNGXmlTestSuite.execute(TestNGXmlTestSuite.java:75)
at org.apache.maven.surefire.testng.TestNGProvider.invoke(TestNGProvider.java:120)
at org.apache.maven.surefire.booter.ForkedBooter.invokeProviderInSameClassLoader(ForkedBooter.java:384)
at org.apache.maven.surefire.booter.ForkedBooter.runSuitesInProcess(ForkedBooter.java:345)
at org.apache.maven.surefire.booter.ForkedBooter.execute(ForkedBooter.java:126)
at org.apache.maven.surefire.booter.ForkedBooter.main(ForkedBooter.java:418)
]]>
            </full-stacktrace>
          </exception> <!-- java.lang.IllegalStateException -->
          <reporter-output>
            <line>
              <![CDATA[About to begin executing following method : MobileWebLoginBuyer.validUserName]]>
            </line>
            <line>
              <![CDATA[Completed executing following method : MobileWebLoginBuyer.validUserName]]>
            </line>
            <line>
              <![CDATA[
SKIPPED TEST: Gokomodo.FE.MobileWeb.LoginManager.Buyer.tests.MobileWebLoginBuyer.validUserName
]]>
            </line>
            <line>
              <![CDATA[About to begin executing following method : MobileWebBuyerBaseMethod.afterClass]]>
            </line>
            <line>
              <![CDATA[Completed executing following method : MobileWebBuyerBaseMethod.afterClass]]>
            </line>
            <line>
              <![CDATA[About to begin executing following method : MobileWebSellerBaseMethod.beforeClass]]>
            </line>
            <line>
              <![CDATA[Completed executing following method : MobileWebSellerBaseMethod.beforeClass]]>
            </line>
            <line>
              <![CDATA[
STARTED TESTING: Gokomodo.FE.MobileWeb.LoginManager.Seller.tests.MobileWebLoginSeller.validUserName
]]>
            </line>
          </reporter-output>
        </test-method> <!-- validUserName -->
        <test-method is-config="true" signature="beforeClass(java.lang.String,java.lang.String,java.lang.String)[pri:0, instance:Gokomodo.FE.MobileWeb.LoginManager.Buyer.tests.MobileWebLoginBuyer@324a98b6]" started-at="2022-11-14T13:51:29 WIB" name="beforeClass" finished-at="1970-01-01T07:00:00 WIB" duration-ms="-1668408689089" status="SKIP">
          <reporter-output>
          </reporter-output>
        </test-method> <!-- beforeClass -->
        <test-method is-config="true" signature="afterClass()[pri:0, instance:Gokomodo.FE.MobileWeb.LoginManager.Buyer.tests.MobileWebLoginBuyer@324a98b6]" started-at="2022-11-14T13:51:29 WIB" name="afterClass" finished-at="1970-01-01T07:00:00 WIB" duration-ms="-1668408689090" status="SKIP">
          <reporter-output>
          </reporter-output>
        </test-method> <!-- afterClass -->
        <test-method is-config="true" signature="afterSuite()[pri:0, instance:Gokomodo.FE.MobileWeb.LoginManager.Buyer.tests.MobileWebLoginBuyer@324a98b6]" started-at="2022-11-14T13:51:29 WIB" name="afterSuite" finished-at="1970-01-01T07:00:00 WIB" duration-ms="-1668408689096" status="SKIP">
          <reporter-output>
          </reporter-output>
        </test-method> <!-- afterSuite -->
      </class> <!-- Gokomodo.FE.MobileWeb.LoginManager.Buyer.tests.MobileWebLoginBuyer -->
    </test> <!-- Mobile iPhone -->
  </suite> <!-- End to End Mobile Web QA Gokomodo -->
  <suite started-at="2022-11-14T13:50:25 WIB" name="End to End Web QA Gokomodo" finished-at="2022-11-14T13:51:29 WIB" duration-ms="63253">
    <groups>
    </groups>
    <test started-at="2022-11-14T13:50:25 WIB" name="TestBuyerGokomodo" finished-at="2022-11-14T13:51:29 WIB" duration-ms="63253">
      <class name="Gokomodo.FE.Web.Buyer.tests.ForgotPassword">
        <test-method is-config="true" signature="beforeMethod()[pri:0, instance:Gokomodo.FE.Web.Buyer.tests.ForgotPassword@3946b998]" started-at="2022-11-14T13:51:07 WIB" name="beforeMethod" finished-at="2022-11-14T13:51:10 WIB" duration-ms="2713" status="PASS">
          <reporter-output>
            <line>
              <![CDATA[Completed executing following method : BuyerWebDriverFactory.beforeMethod]]>
            </line>
          </reporter-output>
        </test-method> <!-- beforeMethod -->
        <test-method signature="TestForgetPassbuyer()[pri:0, instance:Gokomodo.FE.Web.Buyer.tests.ForgotPassword@3946b998]" started-at="2022-11-14T13:51:10 WIB" name="TestForgetPassbuyer" description="Forget Password Nausee1" finished-at="2022-11-14T13:51:12 WIB" duration-ms="2325" status="PASS">
          <reporter-output>
            <line>
              <![CDATA[
STARTED TESTING: Gokomodo.FE.Web.Buyer.tests.ForgotPassword.TestForgetPassbuyer
]]>
            </line>
            <line>
              <![CDATA[About to begin executing following method : ForgotPassword.TestForgetPassbuyer]]>
            </line>
            <line>
              <![CDATA[Completed executing following method : ForgotPassword.TestForgetPassbuyer]]>
            </line>
            <line>
              <![CDATA[
SUCCESSFULLY EXECUTED TEST: Gokomodo.FE.Web.Buyer.tests.ForgotPassword.TestForgetPassbuyer
]]>
            </line>
            <line>
              <![CDATA[
]]>
            </line>
            <line>
              <![CDATA[About to begin executing following method : BuyerWebDriverFactory.afterMethod]]>
            </line>
          </reporter-output>
        </test-method> <!-- TestForgetPassbuyer -->
        <test-method is-config="true" signature="afterMethod()[pri:0, instance:Gokomodo.FE.Web.Buyer.tests.ForgotPassword@3946b998]" started-at="2022-11-14T13:51:12 WIB" name="afterMethod" finished-at="2022-11-14T13:51:15 WIB" duration-ms="2447" status="PASS">
          <reporter-output>
            <line>
              <![CDATA[Completed executing following method : BuyerWebDriverFactory.afterMethod]]>
            </line>
          </reporter-output>
        </test-method> <!-- afterMethod -->
      </class> <!-- Gokomodo.FE.Web.Buyer.tests.ForgotPassword -->
      <class name="Gokomodo.FE.Web.LoginManager.Admin.tests.LoginAdmin">
        <test-method is-config="true" signature="suiteSetup()[pri:0, instance:Gokomodo.FE.Web.LoginManager.Admin.tests.LoginAdmin@14cb3b20]" started-at="2022-11-14T13:50:25 WIB" name="suiteSetup" finished-at="2022-11-14T13:50:29 WIB" duration-ms="3771" status="PASS">
          <reporter-output>
            <line>
              <![CDATA[Completed executing following method : AdminWebDriverFactory.suiteSetup]]>
            </line>
          </reporter-output>
        </test-method> <!-- suiteSetup -->
        <test-method is-config="true" signature="beforeMethod()[pri:0, instance:Gokomodo.FE.Web.LoginManager.Admin.tests.LoginAdmin@14cb3b20]" started-at="2022-11-14T13:51:15 WIB" name="beforeMethod" finished-at="2022-11-14T13:51:18 WIB" duration-ms="2705" status="PASS">
          <reporter-output>
            <line>
              <![CDATA[Completed executing following method : AdminWebDriverFactory.beforeMethod]]>
            </line>
          </reporter-output>
        </test-method> <!-- beforeMethod -->
        <test-method signature="TestloginAdmin()[pri:0, instance:Gokomodo.FE.Web.LoginManager.Admin.tests.LoginAdmin@14cb3b20]" started-at="2022-11-14T13:51:18 WIB" name="TestloginAdmin" description="Login Arum" finished-at="2022-11-14T13:51:19 WIB" duration-ms="1634" status="PASS">
          <reporter-output>
            <line>
              <![CDATA[
STARTED TESTING: Gokomodo.FE.Web.LoginManager.Admin.tests.LoginAdmin.TestloginAdmin
]]>
            </line>
            <line>
              <![CDATA[About to begin executing following method : LoginAdmin.TestloginAdmin]]>
            </line>
            <line>
              <![CDATA[Completed executing following method : LoginAdmin.TestloginAdmin]]>
            </line>
            <line>
              <![CDATA[
SUCCESSFULLY EXECUTED TEST: Gokomodo.FE.Web.LoginManager.Admin.tests.LoginAdmin.TestloginAdmin
]]>
            </line>
            <line>
              <![CDATA[
]]>
            </line>
            <line>
              <![CDATA[About to begin executing following method : AdminWebDriverFactory.afterMethod]]>
            </line>
          </reporter-output>
        </test-method> <!-- TestloginAdmin -->
        <test-method is-config="true" signature="afterMethod()[pri:0, instance:Gokomodo.FE.Web.LoginManager.Admin.tests.LoginAdmin@14cb3b20]" started-at="2022-11-14T13:51:19 WIB" name="afterMethod" finished-at="2022-11-14T13:51:22 WIB" duration-ms="2548" status="PASS">
          <reporter-output>
            <line>
              <![CDATA[Completed executing following method : AdminWebDriverFactory.afterMethod]]>
            </line>
          </reporter-output>
        </test-method> <!-- afterMethod -->
        <test-method is-config="true" signature="beforeMethod()[pri:0, instance:Gokomodo.FE.Web.LoginManager.Admin.tests.LoginAdmin@14cb3b20]" started-at="2022-11-14T13:51:22 WIB" name="beforeMethod" finished-at="2022-11-14T13:51:24 WIB" duration-ms="2671" status="PASS">
          <reporter-output>
            <line>
              <![CDATA[Completed executing following method : AdminWebDriverFactory.beforeMethod]]>
            </line>
          </reporter-output>
        </test-method> <!-- beforeMethod -->
        <test-method signature="TestloginAdmin2()[pri:0, instance:Gokomodo.FE.Web.LoginManager.Admin.tests.LoginAdmin@14cb3b20]" started-at="2022-11-14T13:51:24 WIB" name="TestloginAdmin2" description="Login Denny1" finished-at="2022-11-14T13:51:26 WIB" duration-ms="1574" status="PASS">
          <reporter-output>
            <line>
              <![CDATA[
STARTED TESTING: Gokomodo.FE.Web.LoginManager.Admin.tests.LoginAdmin.TestloginAdmin2
]]>
            </line>
            <line>
              <![CDATA[About to begin executing following method : LoginAdmin.TestloginAdmin2]]>
            </line>
            <line>
              <![CDATA[Completed executing following method : LoginAdmin.TestloginAdmin2]]>
            </line>
            <line>
              <![CDATA[
SUCCESSFULLY EXECUTED TEST: Gokomodo.FE.Web.LoginManager.Admin.tests.LoginAdmin.TestloginAdmin2
]]>
            </line>
            <line>
              <![CDATA[
]]>
            </line>
            <line>
              <![CDATA[About to begin executing following method : AdminWebDriverFactory.afterMethod]]>
            </line>
          </reporter-output>
        </test-method> <!-- TestloginAdmin2 -->
        <test-method is-config="true" signature="afterMethod()[pri:0, instance:Gokomodo.FE.Web.LoginManager.Admin.tests.LoginAdmin@14cb3b20]" started-at="2022-11-14T13:51:26 WIB" name="afterMethod" finished-at="2022-11-14T13:51:29 WIB" duration-ms="2536" status="PASS">
          <reporter-output>
            <line>
              <![CDATA[Completed executing following method : AdminWebDriverFactory.afterMethod]]>
            </line>
          </reporter-output>
        </test-method> <!-- afterMethod -->
        <test-method is-config="true" signature="beforeSuite()[pri:0, instance:Gokomodo.FE.Web.LoginManager.Admin.tests.LoginAdmin@14cb3b20]" started-at="2022-11-14T13:51:29 WIB" name="beforeSuite" finished-at="2022-11-14T13:51:29 WIB" duration-ms="2" status="PASS">
          <reporter-output>
            <line>
              <![CDATA[Completed executing following method : AdminBaseMethod.beforeSuite]]>
            </line>
          </reporter-output>
        </test-method> <!-- beforeSuite -->
      </class> <!-- Gokomodo.FE.Web.LoginManager.Admin.tests.LoginAdmin -->
      <class name="Gokomodo.FE.Web.LoginManager.Buyer.tests.LoginBuyer">
        <test-method is-config="true" signature="suiteSetup()[pri:0, instance:Gokomodo.FE.Web.LoginManager.Buyer.tests.LoginBuyer@6f5a94cf]" started-at="2022-11-14T13:50:29 WIB" name="suiteSetup" finished-at="2022-11-14T13:50:29 WIB" duration-ms="10" status="PASS">
          <reporter-output>
            <line>
              <![CDATA[Completed executing following method : BuyerWebDriverFactory.suiteSetup]]>
            </line>
          </reporter-output>
        </test-method> <!-- suiteSetup -->
        <test-method is-config="true" signature="beforeMethod()[pri:0, instance:Gokomodo.FE.Web.LoginManager.Buyer.tests.LoginBuyer@6f5a94cf]" started-at="2022-11-14T13:50:46 WIB" name="beforeMethod" finished-at="2022-11-14T13:50:49 WIB" duration-ms="3227" status="PASS">
          <reporter-output>
            <line>
              <![CDATA[Completed executing following method : BuyerWebDriverFactory.beforeMethod]]>
            </line>
          </reporter-output>
        </test-method> <!-- beforeMethod -->
        <test-method signature="Testloginbuyer()[pri:0, instance:Gokomodo.FE.Web.LoginManager.Buyer.tests.LoginBuyer@6f5a94cf]" started-at="2022-11-14T13:50:49 WIB" name="Testloginbuyer" description="Login Nausee1" finished-at="2022-11-14T13:50:51 WIB" duration-ms="1541" status="PASS">
          <reporter-output>
            <line>
              <![CDATA[
STARTED TESTING: Gokomodo.FE.Web.LoginManager.Buyer.tests.LoginBuyer.Testloginbuyer
]]>
            </line>
            <line>
              <![CDATA[About to begin executing following method : LoginBuyer.Testloginbuyer]]>
            </line>
            <line>
              <![CDATA[Completed executing following method : LoginBuyer.Testloginbuyer]]>
            </line>
            <line>
              <![CDATA[
SUCCESSFULLY EXECUTED TEST: Gokomodo.FE.Web.LoginManager.Buyer.tests.LoginBuyer.Testloginbuyer
]]>
            </line>
            <line>
              <![CDATA[
]]>
            </line>
            <line>
              <![CDATA[About to begin executing following method : BuyerWebDriverFactory.afterMethod]]>
            </line>
          </reporter-output>
        </test-method> <!-- Testloginbuyer -->
        <test-method is-config="true" signature="afterMethod()[pri:0, instance:Gokomodo.FE.Web.LoginManager.Buyer.tests.LoginBuyer@6f5a94cf]" started-at="2022-11-14T13:50:51 WIB" name="afterMethod" finished-at="2022-11-14T13:50:53 WIB" duration-ms="2543" status="PASS">
          <reporter-output>
            <line>
              <![CDATA[Completed executing following method : BuyerWebDriverFactory.afterMethod]]>
            </line>
          </reporter-output>
        </test-method> <!-- afterMethod -->
        <test-method is-config="true" signature="beforeMethod()[pri:0, instance:Gokomodo.FE.Web.LoginManager.Buyer.tests.LoginBuyer@6f5a94cf]" started-at="2022-11-14T13:50:53 WIB" name="beforeMethod" finished-at="2022-11-14T13:50:56 WIB" duration-ms="3096" status="PASS">
          <reporter-output>
            <line>
              <![CDATA[Completed executing following method : BuyerWebDriverFactory.beforeMethod]]>
            </line>
          </reporter-output>
        </test-method> <!-- beforeMethod -->
        <test-method signature="Testloginbuyer1()[pri:0, instance:Gokomodo.FE.Web.LoginManager.Buyer.tests.LoginBuyer@6f5a94cf]" started-at="2022-11-14T13:50:56 WIB" name="Testloginbuyer1" description="Login Nausee5" finished-at="2022-11-14T13:50:58 WIB" duration-ms="1554" status="PASS">
          <reporter-output>
            <line>
              <![CDATA[
STARTED TESTING: Gokomodo.FE.Web.LoginManager.Buyer.tests.LoginBuyer.Testloginbuyer1
]]>
            </line>
            <line>
              <![CDATA[About to begin executing following method : LoginBuyer.Testloginbuyer1]]>
            </line>
            <line>
              <![CDATA[Completed executing following method : LoginBuyer.Testloginbuyer1]]>
            </line>
            <line>
              <![CDATA[
SUCCESSFULLY EXECUTED TEST: Gokomodo.FE.Web.LoginManager.Buyer.tests.LoginBuyer.Testloginbuyer1
]]>
            </line>
            <line>
              <![CDATA[
]]>
            </line>
            <line>
              <![CDATA[About to begin executing following method : BuyerWebDriverFactory.afterMethod]]>
            </line>
          </reporter-output>
        </test-method> <!-- Testloginbuyer1 -->
        <test-method is-config="true" signature="afterMethod()[pri:0, instance:Gokomodo.FE.Web.LoginManager.Buyer.tests.LoginBuyer@6f5a94cf]" started-at="2022-11-14T13:50:58 WIB" name="afterMethod" finished-at="2022-11-14T13:51:00 WIB" duration-ms="2447" status="PASS">
          <reporter-output>
            <line>
              <![CDATA[Completed executing following method : BuyerWebDriverFactory.afterMethod]]>
            </line>
          </reporter-output>
        </test-method> <!-- afterMethod -->
        <test-method is-config="true" signature="beforeMethod()[pri:0, instance:Gokomodo.FE.Web.LoginManager.Buyer.tests.LoginBuyer@6f5a94cf]" started-at="2022-11-14T13:51:00 WIB" name="beforeMethod" finished-at="2022-11-14T13:51:03 WIB" duration-ms="2947" status="PASS">
          <reporter-output>
            <line>
              <![CDATA[Completed executing following method : BuyerWebDriverFactory.beforeMethod]]>
            </line>
          </reporter-output>
        </test-method> <!-- beforeMethod -->
        <test-method signature="Testloginbuyer2()[pri:0, instance:Gokomodo.FE.Web.LoginManager.Buyer.tests.LoginBuyer@6f5a94cf]" started-at="2022-11-14T13:51:03 WIB" name="Testloginbuyer2" description="Login Commerce1" finished-at="2022-11-14T13:51:05 WIB" duration-ms="1561" status="PASS">
          <reporter-output>
            <line>
              <![CDATA[
STARTED TESTING: Gokomodo.FE.Web.LoginManager.Buyer.tests.LoginBuyer.Testloginbuyer2
]]>
            </line>
            <line>
              <![CDATA[About to begin executing following method : LoginBuyer.Testloginbuyer2]]>
            </line>
            <line>
              <![CDATA[Completed executing following method : LoginBuyer.Testloginbuyer2]]>
            </line>
            <line>
              <![CDATA[
SUCCESSFULLY EXECUTED TEST: Gokomodo.FE.Web.LoginManager.Buyer.tests.LoginBuyer.Testloginbuyer2
]]>
            </line>
            <line>
              <![CDATA[
]]>
            </line>
            <line>
              <![CDATA[About to begin executing following method : BuyerWebDriverFactory.afterMethod]]>
            </line>
          </reporter-output>
        </test-method> <!-- Testloginbuyer2 -->
        <test-method is-config="true" signature="afterMethod()[pri:0, instance:Gokomodo.FE.Web.LoginManager.Buyer.tests.LoginBuyer@6f5a94cf]" started-at="2022-11-14T13:51:05 WIB" name="afterMethod" finished-at="2022-11-14T13:51:07 WIB" duration-ms="2452" status="PASS">
          <reporter-output>
            <line>
              <![CDATA[Completed executing following method : BuyerWebDriverFactory.afterMethod]]>
            </line>
          </reporter-output>
        </test-method> <!-- afterMethod -->
        <test-method is-config="true" signature="beforeSuite()[pri:0, instance:Gokomodo.FE.Web.LoginManager.Buyer.tests.LoginBuyer@6f5a94cf]" started-at="2022-11-14T13:51:29 WIB" name="beforeSuite" finished-at="2022-11-14T13:51:29 WIB" duration-ms="0" status="PASS">
          <reporter-output>
            <line>
              <![CDATA[Completed executing following method : BuyerBaseMethod.beforeSuite]]>
            </line>
          </reporter-output>
        </test-method> <!-- beforeSuite -->
      </class> <!-- Gokomodo.FE.Web.LoginManager.Buyer.tests.LoginBuyer -->
      <class name="Gokomodo.FE.Web.LoginManager.Seller.tests.LoginSeller">
        <test-method is-config="true" signature="suiteSetup()[pri:0, instance:Gokomodo.FE.Web.LoginManager.Seller.tests.LoginSeller@1f80815b]" started-at="2022-11-14T13:50:29 WIB" name="suiteSetup" finished-at="2022-11-14T13:50:29 WIB" duration-ms="5" status="PASS">
          <reporter-output>
            <line>
              <![CDATA[Completed executing following method : WebDriverFactory.suiteSetup]]>
            </line>
          </reporter-output>
        </test-method> <!-- suiteSetup -->
        <test-method is-config="true" signature="beforeMethod()[pri:0, instance:Gokomodo.FE.Web.LoginManager.Seller.tests.LoginSeller@1f80815b]" started-at="2022-11-14T13:50:29 WIB" name="beforeMethod" finished-at="2022-11-14T13:50:34 WIB" duration-ms="5236" status="PASS">
          <reporter-output>
            <line>
              <![CDATA[Completed executing following method : WebDriverFactory.beforeMethod]]>
            </line>
          </reporter-output>
        </test-method> <!-- beforeMethod -->
        <test-method signature="TestloginSeller()[pri:0, instance:Gokomodo.FE.Web.LoginManager.Seller.tests.LoginSeller@1f80815b]" started-at="2022-11-14T13:50:34 WIB" name="TestloginSeller" description="Seller Test Komodo" finished-at="2022-11-14T13:50:36 WIB" duration-ms="1871" status="PASS">
          <reporter-output>
            <line>
              <![CDATA[
STARTED TESTING: Gokomodo.FE.Web.LoginManager.Seller.tests.LoginSeller.TestloginSeller
]]>
            </line>
            <line>
              <![CDATA[About to begin executing following method : LoginSeller.TestloginSeller]]>
            </line>
            <line>
              <![CDATA[Completed executing following method : LoginSeller.TestloginSeller]]>
            </line>
            <line>
              <![CDATA[
SUCCESSFULLY EXECUTED TEST: Gokomodo.FE.Web.LoginManager.Seller.tests.LoginSeller.TestloginSeller
]]>
            </line>
            <line>
              <![CDATA[
]]>
            </line>
            <line>
              <![CDATA[About to begin executing following method : WebDriverFactory.afterMethod]]>
            </line>
          </reporter-output>
        </test-method> <!-- TestloginSeller -->
        <test-method is-config="true" signature="afterMethod()[pri:0, instance:Gokomodo.FE.Web.LoginManager.Seller.tests.LoginSeller@1f80815b]" started-at="2022-11-14T13:50:36 WIB" name="afterMethod" finished-at="2022-11-14T13:50:39 WIB" duration-ms="2549" status="PASS">
          <reporter-output>
            <line>
              <![CDATA[Completed executing following method : WebDriverFactory.afterMethod]]>
            </line>
          </reporter-output>
        </test-method> <!-- afterMethod -->
        <test-method is-config="true" signature="beforeMethod()[pri:0, instance:Gokomodo.FE.Web.LoginManager.Seller.tests.LoginSeller@1f80815b]" started-at="2022-11-14T13:50:39 WIB" name="beforeMethod" finished-at="2022-11-14T13:50:42 WIB" duration-ms="3126" status="PASS">
          <reporter-output>
            <line>
              <![CDATA[Completed executing following method : WebDriverFactory.beforeMethod]]>
            </line>
          </reporter-output>
        </test-method> <!-- beforeMethod -->
        <test-method signature="TestloginSeller2()[pri:0, instance:Gokomodo.FE.Web.LoginManager.Seller.tests.LoginSeller@1f80815b]" started-at="2022-11-14T13:50:42 WIB" name="TestloginSeller2" description="Saka Semua Ada" finished-at="2022-11-14T13:50:43 WIB" duration-ms="1496" status="PASS">
          <reporter-output>
            <line>
              <![CDATA[
STARTED TESTING: Gokomodo.FE.Web.LoginManager.Seller.tests.LoginSeller.TestloginSeller2
]]>
            </line>
            <line>
              <![CDATA[About to begin executing following method : LoginSeller.TestloginSeller2]]>
            </line>
            <line>
              <![CDATA[Completed executing following method : LoginSeller.TestloginSeller2]]>
            </line>
            <line>
              <![CDATA[
SUCCESSFULLY EXECUTED TEST: Gokomodo.FE.Web.LoginManager.Seller.tests.LoginSeller.TestloginSeller2
]]>
            </line>
            <line>
              <![CDATA[
]]>
            </line>
            <line>
              <![CDATA[About to begin executing following method : WebDriverFactory.afterMethod]]>
            </line>
          </reporter-output>
        </test-method> <!-- TestloginSeller2 -->
        <test-method is-config="true" signature="afterMethod()[pri:0, instance:Gokomodo.FE.Web.LoginManager.Seller.tests.LoginSeller@1f80815b]" started-at="2022-11-14T13:50:43 WIB" name="afterMethod" finished-at="2022-11-14T13:50:46 WIB" duration-ms="2555" status="PASS">
          <reporter-output>
            <line>
              <![CDATA[Completed executing following method : WebDriverFactory.afterMethod]]>
            </line>
          </reporter-output>
        </test-method> <!-- afterMethod -->
        <test-method is-config="true" signature="beforeSuite()[pri:0, instance:Gokomodo.FE.Web.LoginManager.Seller.tests.LoginSeller@1f80815b]" started-at="2022-11-14T13:51:29 WIB" name="beforeSuite" finished-at="2022-11-14T13:51:29 WIB" duration-ms="1" status="PASS">
          <reporter-output>
            <line>
              <![CDATA[Completed executing following method : BaseMethod.beforeSuite]]>
            </line>
          </reporter-output>
        </test-method> <!-- beforeSuite -->
      </class> <!-- Gokomodo.FE.Web.LoginManager.Seller.tests.LoginSeller -->
    </test> <!-- TestBuyerGokomodo -->
  </suite> <!-- End to End Web QA Gokomodo -->
</testng-results>
