<?xml version="1.0" encoding="UTF-8"?>
<!-- Generated by org.testng.reporters.JUnitReportReporter -->
<testsuite hostname="Nazars-MacBook-Pro.local" failures="0" tests="3" name="Gokomodo.FE.Mobile.LoginManager.Buyer.tests.MobileLoginBuyer" time="0.000" errors="1" timestamp="2022-11-14T13:51:29 WIB" skipped="2">
  <testcase classname="Gokomodo.FE.Mobile.LoginManager.Buyer.tests.MobileLoginBuyer" name="mobileBuyerLogin" time="0.000">
    <skipped/>
  </testcase> <!-- mobileBuyerLogin -->
  <system-out>
    <![CDATA[About to begin executing following method : MobileLoginBuyer.mobileBuyerLogin
Completed executing following method : MobileLoginBuyer.mobileBuyerLogin

SKIPPED TEST: Gokomodo.FE.Mobile.LoginManager.Buyer.tests.MobileLoginBuyer.mobileBuyerLogin

About to begin executing following method : MobileBuyerBaseMethod.afterClass
Completed executing following method : MobileBuyerBaseMethod.afterClass
About to begin executing following method : MobileSellerBaseMethod.beforeClass
Completed executing following method : MobileSellerBaseMethod.beforeClass

STARTED TESTING: Gokomodo.FE.Mobile.LoginManager.Seller.tests.MobileLoginSeller.mobileSellerLogin
]]>
  </system-out>
  <testcase classname="Gokomodo.FE.Mobile.LoginManager.Buyer.tests.MobileLoginBuyer" name="mobileBuyerLogin" time="0.000">
    <skipped/>
  </testcase> <!-- mobileBuyerLogin -->
  <system-out>
    <![CDATA[About to begin executing following method : MobileLoginBuyer.mobileBuyerLogin
Completed executing following method : MobileLoginBuyer.mobileBuyerLogin

SKIPPED TEST: Gokomodo.FE.Mobile.LoginManager.Buyer.tests.MobileLoginBuyer.mobileBuyerLogin

About to begin executing following method : MobileBuyerBaseMethod.afterClass
Completed executing following method : MobileBuyerBaseMethod.afterClass
About to begin executing following method : MobileSellerBaseMethod.beforeClass
Completed executing following method : MobileSellerBaseMethod.beforeClass

STARTED TESTING: Gokomodo.FE.Mobile.LoginManager.Seller.tests.MobileLoginSeller.mobileSellerLogin
]]>
  </system-out>
  <testcase classname="Gokomodo.FE.Mobile.LoginManager.Buyer.tests.MobileLoginBuyer" name="beforeSuite" time="0.000">
    <error message="The driver executable must exist: /usr/local/bin/node" type="java.lang.IllegalStateException">
      <![CDATA[java.lang.IllegalStateException: The driver executable must exist: /usr/local/bin/node
at org.openqa.selenium.internal.Require$FileStateChecker.isFile(Require.java:342)
at org.openqa.selenium.remote.service.DriverService.checkExecutable(DriverService.java:147)
at org.openqa.selenium.remote.service.DriverService$Builder.usingDriverExecutable(DriverService.java:350)
at io.appium.java_client.service.local.AppiumServiceBuilder.usingDriverExecutable(AppiumServiceBuilder.java:415)
at Gokomodo.FE.Mobile.Buyer.controllers.MobileBuyerBaseMethod.getAppiumService(MobileBuyerBaseMethod.java:149)
at Gokomodo.FE.Mobile.Buyer.controllers.MobileBuyerBaseMethod.beforeSuite(MobileBuyerBaseMethod.java:63)
at java.base/jdk.internal.reflect.DirectMethodHandleAccessor.invoke(DirectMethodHandleAccessor.java:104)
at java.base/java.lang.reflect.Method.invoke(Method.java:577)
at org.testng.internal.MethodInvocationHelper.invokeMethod(MethodInvocationHelper.java:133)
at org.testng.internal.MethodInvocationHelper.invokeMethodConsideringTimeout(MethodInvocationHelper.java:62)
at org.testng.internal.ConfigInvoker.invokeConfigurationMethod(ConfigInvoker.java:385)
at org.testng.internal.ConfigInvoker.invokeConfigurations(ConfigInvoker.java:321)
at org.testng.SuiteRunner.privateRun(SuiteRunner.java:317)
at org.testng.SuiteRunner.run(SuiteRunner.java:276)
at org.testng.SuiteRunnerWorker.runSuite(SuiteRunnerWorker.java:53)
at org.testng.SuiteRunnerWorker.run(SuiteRunnerWorker.java:96)
at org.testng.TestNG.runSuitesSequentially(TestNG.java:1212)
at org.testng.TestNG.runSuitesSequentially(TestNG.java:1207)
at org.testng.TestNG.runSuitesLocally(TestNG.java:1134)
at org.testng.TestNG.runSuites(TestNG.java:1063)
at org.testng.TestNG.run(TestNG.java:1031)
at org.apache.maven.surefire.testng.TestNGExecutor.run(TestNGExecutor.java:283)
at org.apache.maven.surefire.testng.TestNGXmlTestSuite.execute(TestNGXmlTestSuite.java:75)
at org.apache.maven.surefire.testng.TestNGProvider.invoke(TestNGProvider.java:120)
at org.apache.maven.surefire.booter.ForkedBooter.invokeProviderInSameClassLoader(ForkedBooter.java:384)
at org.apache.maven.surefire.booter.ForkedBooter.runSuitesInProcess(ForkedBooter.java:345)
at org.apache.maven.surefire.booter.ForkedBooter.execute(ForkedBooter.java:126)
at org.apache.maven.surefire.booter.ForkedBooter.main(ForkedBooter.java:418)
]]>
    </error>
  </testcase> <!-- beforeSuite -->
  <system-out>
    <![CDATA[Completed executing following method : MobileBuyerBaseMethod.beforeSuite]]>
  </system-out>
</testsuite> <!-- Gokomodo.FE.Mobile.LoginManager.Buyer.tests.MobileLoginBuyer -->
